# JRE version: OpenJDK Runtime Environment Temurin-21.0.10+7 (21.0.10+7) (build 21.0.10+7-LTS)
# Java VM: OpenJDK 64-Bit Server VM Temurin-21.0.10+7 (21.0.10+7-LTS, mixed mode, sharing, tiered, compressed oops, compressed class ptrs, parallel gc, windows-amd64)
GC Precious Log:
 CardTable entry size: 512
 CPUs: 16 total, 16 available
 Memory: 15723M
 Large Page Support: Disabled
 NUMA Support: Disabled
 Compressed Oops: Enabled (32-bit)
 Alignments: Space 512K, Generation 512K, Heap 2M
 Heap Min Capacity: 100M
 Heap Initial Capacity: 100M
 Heap Max Capacity: 2G
 Pre-touch: Disabled
 Parallel Workers: 13
Heap:
 PSYoungGen      total 19968K, used 4717K [0x00000000d5580000, 0x00000000d7700000, 0x0000000100000000)
  eden space 17920K, 15% used [0x00000000d5580000,0x00000000d582d040,0x00000000d6700000)
  from space 2048K, 99% used [0x00000000d6d00000,0x00000000d6eff600,0x00000000d6f00000)
  to   space 6144K, 0% used [0x00000000d6700000,0x00000000d6700000,0x00000000d6d00000)
 ParOldGen       total 68608K, used 23443K [0x0000000080000000, 0x0000000084300000, 0x00000000d5580000)
  object space 68608K, 34% used [0x0000000080000000,0x00000000816e4c60,0x0000000084300000)
 Metaspace       used 38529K, committed 39744K, reserved 1114112K
  class space    used 3992K, committed 4544K, reserved 1048576K
GC Heap History (20 events):
Event: 2.909 GC heap before
{Heap before GC invocations=8 (full 0):
 PSYoungGen      total 28672K, used 6690K [0x00000000d5580000, 0x00000000d7600000, 0x0000000100000000)
  eden space 24064K, 10% used [0x00000000d5580000,0x00000000d57e3830,0x00000000d6d00000)
  from space 4608K, 92% used [0x00000000d6d80000,0x00000000d71a5300,0x00000000d7200000)
  to   space 4096K, 0% used [0x00000000d7200000,0x00000000d7200000,0x00000000d7600000)
 ParOldGen       total 68608K, used 9443K [0x0000000080000000, 0x0000000084300000, 0x00000000d5580000)
  object space 68608K, 13% used [0x0000000080000000,0x0000000080938d10,0x0000000084300000)
 Metaspace       used 20619K, committed 21504K, reserved 1114112K
  class space    used 2136K, committed 2560K, reserved 1048576K
}
Event: 2.911 GC heap after
{Heap after GC invocations=8 (full 0):
 PSYoungGen      total 28160K, used 4068K [0x00000000d5580000, 0x00000000d7600000, 0x0000000100000000)
  eden space 24064K, 0% used [0x00000000d5580000,0x00000000d5580000,0x00000000d6d00000)
  from space 4096K, 99% used [0x00000000d7200000,0x00000000d75f9210,0x00000000d7600000)
  to   space 4608K, 0% used [0x00000000d6d00000,0x00000000d6d00000,0x00000000d7180000)
 ParOldGen       total 68608K, used 9744K [0x0000000080000000, 0x0000000084300000, 0x00000000d5580000)
  object space 68608K, 14% used [0x0000000080000000,0x00000000809841c8,0x0000000084300000)
 Metaspace       used 20619K, committed 21504K, reserved 1114112K
  class space    used 2136K, committed 2560K, reserved 1048576K
}
Event: 2.911 GC heap before
{Heap before GC invocations=9 (full 1):
 PSYoungGen      total 28160K, used 4068K [0x00000000d5580000, 0x00000000d7600000, 0x0000000100000000)
  eden space 24064K, 0% used [0x00000000d5580000,0x00000000d5580000,0x00000000d6d00000)
  from space 4096K, 99% used [0x00000000d7200000,0x00000000d75f9210,0x00000000d7600000)
  to   space 4608K, 0% used [0x00000000d6d00000,0x00000000d6d00000,0x00000000d7180000)
 ParOldGen       total 68608K, used 9744K [0x0000000080000000, 0x0000000084300000, 0x00000000d5580000)
  object space 68608K, 14% used [0x0000000080000000,0x00000000809841c8,0x0000000084300000)
 Metaspace       used 20619K, committed 21504K, reserved 1114112K
  class space    used 2136K, committed 2560K, reserved 1048576K
}
Event: 2.933 GC heap after
{Heap after GC invocations=9 (full 1):
 PSYoungGen      total 28160K, used 0K [0x00000000d5580000, 0x00000000d7600000, 0x0000000100000000)
  eden space 24064K, 0% used [0x00000000d5580000,0x00000000d5580000,0x00000000d6d00000)
  from space 4096K, 0% used [0x00000000d7200000,0x00000000d7200000,0x00000000d7600000)
  to   space 4608K, 0% used [0x00000000d6d00000,0x00000000d6d00000,0x00000000d7180000)
 ParOldGen       total 68608K, used 13106K [0x0000000080000000, 0x0000000084300000, 0x00000000d5580000)
  object space 68608K, 19% used [0x0000000080000000,0x0000000080ccc8c8,0x0000000084300000)
 Metaspace       used 20606K, committed 21504K, reserved 1114112K
  class space    used 2133K, committed 2560K, reserved 1048576K
}
Event: 3.161 GC heap before
{Heap before GC invocations=10 (full 1):
 PSYoungGen      total 28160K, used 24064K [0x00000000d5580000, 0x00000000d7600000, 0x0000000100000000)
  eden space 24064K, 100% used [0x00000000d5580000,0x00000000d6d00000,0x00000000d6d00000)
  from space 4096K, 0% used [0x00000000d7200000,0x00000000d7200000,0x00000000d7600000)
  to   space 4608K, 0% used [0x00000000d6d00000,0x00000000d6d00000,0x00000000d7180000)
 ParOldGen       total 68608K, used 13106K [0x0000000080000000, 0x0000000084300000, 0x00000000d5580000)
  object space 68608K, 19% used [0x0000000080000000,0x0000000080ccc8c8,0x0000000084300000)
 Metaspace       used 22930K, committed 23936K, reserved 1114112K
  class space    used 2366K, committed 2816K, reserved 1048576K
}
Event: 3.163 GC heap after
{Heap after GC invocations=10 (full 1):
 PSYoungGen      total 27136K, used 3312K [0x00000000d5580000, 0x00000000d7480000, 0x0000000100000000)
  eden space 23552K, 0% used [0x00000000d5580000,0x00000000d5580000,0x00000000d6c80000)
  from space 3584K, 92% used [0x00000000d6d00000,0x00000000d703c380,0x00000000d7080000)
  to   space 4096K, 0% used [0x00000000d7080000,0x00000000d7080000,0x00000000d7480000)
 ParOldGen       total 68608K, used 13114K [0x0000000080000000, 0x0000000084300000, 0x00000000d5580000)
  object space 68608K, 19% used [0x0000000080000000,0x0000000080cce8c8,0x0000000084300000)
 Metaspace       used 22930K, committed 23936K, reserved 1114112K
  class space    used 2366K, committed 2816K, reserved 1048576K
}
Event: 3.385 GC heap before
{Heap before GC invocations=11 (full 1):
 PSYoungGen      total 27136K, used 26864K [0x00000000d5580000, 0x00000000d7480000, 0x0000000100000000)
  eden space 23552K, 100% used [0x00000000d5580000,0x00000000d6c80000,0x00000000d6c80000)
  from space 3584K, 92% used [0x00000000d6d00000,0x00000000d703c380,0x00000000d7080000)
  to   space 4096K, 0% used [0x00000000d7080000,0x00000000d7080000,0x00000000d7480000)
 ParOldGen       total 68608K, used 13114K [0x0000000080000000, 0x0000000084300000, 0x00000000d5580000)
  object space 68608K, 19% used [0x0000000080000000,0x0000000080cce8c8,0x0000000084300000)
 Metaspace       used 26296K, committed 27328K, reserved 1114112K
  class space    used 2618K, committed 3072K, reserved 1048576K
}
Event: 3.386 GC heap after
{Heap after GC invocations=11 (full 1):
 PSYoungGen      total 27136K, used 3604K [0x00000000d5580000, 0x00000000d7480000, 0x0000000100000000)
  eden space 23040K, 0% used [0x00000000d5580000,0x00000000d5580000,0x00000000d6c00000)
  from space 4096K, 88% used [0x00000000d7080000,0x00000000d7405300,0x00000000d7480000)
  to   space 4096K, 0% used [0x00000000d6c80000,0x00000000d6c80000,0x00000000d7080000)
 ParOldGen       total 68608K, used 13122K [0x0000000080000000, 0x0000000084300000, 0x00000000d5580000)
  object space 68608K, 19% used [0x0000000080000000,0x0000000080cd08c8,0x0000000084300000)
 Metaspace       used 26296K, committed 27328K, reserved 1114112K
  class space    used 2618K, committed 3072K, reserved 1048576K
}
Event: 3.604 GC heap before
{Heap before GC invocations=12 (full 1):
 PSYoungGen      total 27136K, used 26644K [0x00000000d5580000, 0x00000000d7480000, 0x0000000100000000)
  eden space 23040K, 100% used [0x00000000d5580000,0x00000000d6c00000,0x00000000d6c00000)
  from space 4096K, 88% used [0x00000000d7080000,0x00000000d7405300,0x00000000d7480000)
  to   space 4096K, 0% used [0x00000000d6c80000,0x00000000d6c80000,0x00000000d7080000)
 ParOldGen       total 68608K, used 13122K [0x0000000080000000, 0x0000000084300000, 0x00000000d5580000)
  object space 68608K, 19% used [0x0000000080000000,0x0000000080cd08c8,0x0000000084300000)
 Metaspace       used 27786K, committed 28864K, reserved 1114112K
  class space    used 2710K, committed 3200K, reserved 1048576K
}
Event: 3.606 GC heap after
{Heap after GC invocations=12 (full 1):
 PSYoungGen      total 25088K, used 2193K [0x00000000d5580000, 0x00000000d7180000, 0x0000000100000000)
  eden space 22528K, 0% used [0x00000000d5580000,0x00000000d5580000,0x00000000d6b80000)
  from space 2560K, 85% used [0x00000000d6c80000,0x00000000d6ea45b0,0x00000000d6f00000)
  to   space 2560K, 0% used [0x00000000d6f00000,0x00000000d6f00000,0x00000000d7180000)
 ParOldGen       total 68608K, used 14474K [0x0000000080000000, 0x0000000084300000, 0x00000000d5580000)
  object space 68608K, 21% used [0x0000000080000000,0x0000000080e22990,0x0000000084300000)
 Metaspace       used 27786K, committed 28864K, reserved 1114112K
  class space    used 2710K, committed 3200K, reserved 1048576K
}
Event: 4.067 GC heap before
{Heap before GC invocations=13 (full 1):
 PSYoungGen      total 25088K, used 24692K [0x00000000d5580000, 0x00000000d7180000, 0x0000000100000000)
  eden space 22528K, 99% used [0x00000000d5580000,0x00000000d6b78cd0,0x00000000d6b80000)
  from space 2560K, 85% used [0x00000000d6c80000,0x00000000d6ea45b0,0x00000000d6f00000)
  to   space 2560K, 0% used [0x00000000d6f00000,0x00000000d6f00000,0x00000000d7180000)
 ParOldGen       total 68608K, used 14474K [0x0000000080000000, 0x0000000084300000, 0x00000000d5580000)
  object space 68608K, 21% used [0x0000000080000000,0x0000000080e22990,0x0000000084300000)
 Metaspace       used 31208K, committed 32384K, reserved 1114112K
  class space    used 3059K, committed 3584K, reserved 1048576K
}
Event: 4.070 GC heap after
{Heap after GC invocations=13 (full 1):
 PSYoungGen      total 24576K, used 2461K [0x00000000d5580000, 0x00000000d7180000, 0x0000000100000000)
  eden space 22016K, 0% used [0x00000000d5580000,0x00000000d5580000,0x00000000d6b00000)
  from space 2560K, 96% used [0x00000000d6f00000,0x00000000d7167658,0x00000000d7180000)
  to   space 2560K, 0% used [0x00000000d6c80000,0x00000000d6c80000,0x00000000d6f00000)
 ParOldGen       total 68608K, used 16402K [0x0000000080000000, 0x0000000084300000, 0x00000000d5580000)
  object space 68608K, 23% used [0x0000000080000000,0x0000000081004bd0,0x0000000084300000)
 Metaspace       used 31208K, committed 32384K, reserved 1114112K
  class space    used 3059K, committed 3584K, reserved 1048576K
}
Event: 4.230 GC heap before
{Heap before GC invocations=14 (full 1):
 PSYoungGen      total 24576K, used 24477K [0x00000000d5580000, 0x00000000d7180000, 0x0000000100000000)
  eden space 22016K, 100% used [0x00000000d5580000,0x00000000d6b00000,0x00000000d6b00000)
  from space 2560K, 96% used [0x00000000d6f00000,0x00000000d7167658,0x00000000d7180000)
  to   space 2560K, 0% used [0x00000000d6c80000,0x00000000d6c80000,0x00000000d6f00000)
 ParOldGen       total 68608K, used 16402K [0x0000000080000000, 0x0000000084300000, 0x00000000d5580000)
  object space 68608K, 23% used [0x0000000080000000,0x0000000081004bd0,0x0000000084300000)
 Metaspace       used 33908K, committed 35072K, reserved 1114112K
  class space    used 3397K, committed 3904K, reserved 1048576K
}
Event: 4.233 GC heap after
{Heap after GC invocations=14 (full 1):
 PSYoungGen      total 23552K, used 1230K [0x00000000d5580000, 0x00000000d6f80000, 0x0000000100000000)
  eden space 22016K, 0% used [0x00000000d5580000,0x00000000d5580000,0x00000000d6b00000)
  from space 1536K, 80% used [0x00000000d6c80000,0x00000000d6db38d8,0x00000000d6e00000)
  to   space 1536K, 0% used [0x00000000d6e00000,0x00000000d6e00000,0x00000000d6f80000)
 ParOldGen       total 68608K, used 18656K [0x0000000080000000, 0x0000000084300000, 0x00000000d5580000)
  object space 68608K, 27% used [0x0000000080000000,0x0000000081238360,0x0000000084300000)
 Metaspace       used 33908K, committed 35072K, reserved 1114112K
  class space    used 3397K, committed 3904K, reserved 1048576K
}
Event: 4.328 GC heap before
{Heap before GC invocations=15 (full 1):
 PSYoungGen      total 23552K, used 8846K [0x00000000d5580000, 0x00000000d6f80000, 0x0000000100000000)
  eden space 22016K, 34% used [0x00000000d5580000,0x00000000d5cf0138,0x00000000d6b00000)
  from space 1536K, 80% used [0x00000000d6c80000,0x00000000d6db38d8,0x00000000d6e00000)
  to   space 1536K, 0% used [0x00000000d6e00000,0x00000000d6e00000,0x00000000d6f80000)
 ParOldGen       total 68608K, used 18656K [0x0000000080000000, 0x0000000084300000, 0x00000000d5580000)
  object space 68608K, 27% used [0x0000000080000000,0x0000000081238360,0x0000000084300000)
 Metaspace       used 34675K, committed 35840K, reserved 1114112K
  class space    used 3491K, committed 4032K, reserved 1048576K
}
Event: 4.331 GC heap after
{Heap after GC invocations=15 (full 1):
 PSYoungGen      total 23552K, used 1536K [0x00000000d5580000, 0x00000000d7000000, 0x0000000100000000)
  eden space 22016K, 0% used [0x00000000d5580000,0x00000000d5580000,0x00000000d6b00000)
  from space 1536K, 100% used [0x00000000d6e00000,0x00000000d6f80000,0x00000000d6f80000)
  to   space 2560K, 0% used [0x00000000d6b00000,0x00000000d6b00000,0x00000000d6d80000)
 ParOldGen       total 68608K, used 19377K [0x0000000080000000, 0x0000000084300000, 0x00000000d5580000)
  object space 68608K, 28% used [0x0000000080000000,0x00000000812ec788,0x0000000084300000)
 Metaspace       used 34675K, committed 35840K, reserved 1114112K
  class space    used 3491K, committed 4032K, reserved 1048576K
}
Event: 4.331 GC heap before
{Heap before GC invocations=16 (full 2):
 PSYoungGen      total 23552K, used 1536K [0x00000000d5580000, 0x00000000d7000000, 0x0000000100000000)
  eden space 22016K, 0% used [0x00000000d5580000,0x00000000d5580000,0x00000000d6b00000)
  from space 1536K, 100% used [0x00000000d6e00000,0x00000000d6f80000,0x00000000d6f80000)
  to   space 2560K, 0% used [0x00000000d6b00000,0x00000000d6b00000,0x00000000d6d80000)
 ParOldGen       total 68608K, used 19377K [0x0000000080000000, 0x0000000084300000, 0x00000000d5580000)
  object space 68608K, 28% used [0x0000000080000000,0x00000000812ec788,0x0000000084300000)
 Metaspace       used 34675K, committed 35840K, reserved 1114112K
  class space    used 3491K, committed 4032K, reserved 1048576K
}
Event: 4.371 GC heap after
{Heap after GC invocations=16 (full 2):
 PSYoungGen      total 23552K, used 0K [0x00000000d5580000, 0x00000000d7000000, 0x0000000100000000)
  eden space 22016K, 0% used [0x00000000d5580000,0x00000000d5580000,0x00000000d6b00000)
  from space 1536K, 0% used [0x00000000d6e00000,0x00000000d6e00000,0x00000000d6f80000)
  to   space 2560K, 0% used [0x00000000d6b00000,0x00000000d6b00000,0x00000000d6d80000)
 ParOldGen       total 68608K, used 20205K [0x0000000080000000, 0x0000000084300000, 0x00000000d5580000)
  object space 68608K, 29% used [0x0000000080000000,0x00000000813bb648,0x0000000084300000)
 Metaspace       used 34675K, committed 35840K, reserved 1114112K
  class space    used 3491K, committed 4032K, reserved 1048576K
}
Event: 4.794 GC heap before
{Heap before GC invocations=17 (full 2):
 PSYoungGen      total 23552K, used 22016K [0x00000000d5580000, 0x00000000d7000000, 0x0000000100000000)
  eden space 22016K, 100% used [0x00000000d5580000,0x00000000d6b00000,0x00000000d6b00000)
  from space 1536K, 0% used [0x00000000d6e00000,0x00000000d6e00000,0x00000000d6f80000)
  to   space 2560K, 0% used [0x00000000d6b00000,0x00000000d6b00000,0x00000000d6d80000)
 ParOldGen       total 68608K, used 20205K [0x0000000080000000, 0x0000000084300000, 0x00000000d5580000)
  object space 68608K, 29% used [0x0000000080000000,0x00000000813bb648,0x0000000084300000)
 Metaspace       used 37328K, committed 38592K, reserved 1114112K
  class space    used 3856K, committed 4416K, reserved 1048576K
}
Event: 4.797 GC heap after
{Heap after GC invocations=17 (full 2):
 PSYoungGen      total 23552K, used 1376K [0x00000000d5580000, 0x00000000d6f00000, 0x0000000100000000)
  eden space 22016K, 0% used [0x00000000d5580000,0x00000000d5580000,0x00000000d6b00000)
  from space 1536K, 89% used [0x00000000d6b00000,0x00000000d6c58000,0x00000000d6c80000)
  to   space 2048K, 0% used [0x00000000d6d00000,0x00000000d6d00000,0x00000000d6f00000)
 ParOldGen       total 68608K, used 20213K [0x0000000080000000, 0x0000000084300000, 0x00000000d5580000)
  object space 68608K, 29% used [0x0000000080000000,0x00000000813bd648,0x0000000084300000)
 Metaspace       used 37328K, committed 38592K, reserved 1114112K
  class space    used 3856K, committed 4416K, reserved 1048576K
}

