# JRE version: OpenJDK Runtime Environment Temurin-21.0.10+7 (21.0.10+7) (build 21.0.10+7-LTS)
# Java VM: OpenJDK 64-Bit Server VM Temurin-21.0.10+7 (21.0.10+7-LTS, mixed mode, sharing, tiered, compressed oops, compressed class ptrs, parallel gc, windows-amd64)
GC Precious Log:
 CardTable entry size: 512
 CPUs: 16 total, 16 available
 Memory: 15723M
 Large Page Support: Disabled
 NUMA Support: Disabled
 Compressed Oops: Enabled (32-bit)
 Alignments: Space 512K, Generation 512K, Heap 2M
 Heap Min Capacity: 100M
 Heap Initial Capacity: 100M
 Heap Max Capacity: 2G
 Pre-touch: Disabled
 Parallel Workers: 13
Heap:
 PSYoungGen      total 25088K, used 11041K [0x00000000d5580000, 0x00000000d7300000, 0x0000000100000000)
  eden space 19968K, 32% used [0x00000000d5580000,0x00000000d5bc46d0,0x00000000d6900000)
  from space 5120K, 90% used [0x00000000d6900000,0x00000000d6d84010,0x00000000d6e00000)
  to   space 5120K, 0% used [0x00000000d6e00000,0x00000000d6e00000,0x00000000d7300000)
 ParOldGen       total 68608K, used 25024K [0x0000000080000000, 0x0000000084300000, 0x00000000d5580000)
  object space 68608K, 36% used [0x0000000080000000,0x0000000081870278,0x0000000084300000)
 Metaspace       used 38082K, committed 39232K, reserved 1114112K
  class space    used 3939K, committed 4416K, reserved 1048576K
GC Heap History (20 events):
Event: 6.995 GC heap before
{Heap before GC invocations=7 (full 0):
 PSYoungGen      total 30208K, used 24927K [0x00000000d5580000, 0x00000000d7980000, 0x0000000100000000)
  eden space 24576K, 80% used [0x00000000d5580000,0x00000000d68d2680,0x00000000d6d80000)
  from space 5632K, 91% used [0x00000000d7400000,0x00000000d79056e8,0x00000000d7980000)
  to   space 5632K, 0% used [0x00000000d6e80000,0x00000000d6e80000,0x00000000d7400000)
 ParOldGen       total 68608K, used 7892K [0x0000000080000000, 0x0000000084300000, 0x00000000d5580000)
  object space 68608K, 11% used [0x0000000080000000,0x00000000807b5168,0x0000000084300000)
 Metaspace       used 20699K, committed 21504K, reserved 1114112K
  class space    used 2157K, committed 2496K, reserved 1048576K
}
Event: 7.000 GC heap after
{Heap after GC invocations=7 (full 0):
 PSYoungGen      total 29184K, used 4284K [0x00000000d5580000, 0x00000000d7780000, 0x0000000100000000)
  eden space 24576K, 0% used [0x00000000d5580000,0x00000000d5580000,0x00000000d6d80000)
  from space 4608K, 92% used [0x00000000d6e80000,0x00000000d72af160,0x00000000d7300000)
  to   space 4608K, 0% used [0x00000000d7300000,0x00000000d7300000,0x00000000d7780000)
 ParOldGen       total 68608K, used 9816K [0x0000000080000000, 0x0000000084300000, 0x00000000d5580000)
  object space 68608K, 14% used [0x0000000080000000,0x0000000080996110,0x0000000084300000)
 Metaspace       used 20699K, committed 21504K, reserved 1114112K
  class space    used 2157K, committed 2496K, reserved 1048576K
}
Event: 7.000 GC heap before
{Heap before GC invocations=8 (full 1):
 PSYoungGen      total 29184K, used 4284K [0x00000000d5580000, 0x00000000d7780000, 0x0000000100000000)
  eden space 24576K, 0% used [0x00000000d5580000,0x00000000d5580000,0x00000000d6d80000)
  from space 4608K, 92% used [0x00000000d6e80000,0x00000000d72af160,0x00000000d7300000)
  to   space 4608K, 0% used [0x00000000d7300000,0x00000000d7300000,0x00000000d7780000)
 ParOldGen       total 68608K, used 9816K [0x0000000080000000, 0x0000000084300000, 0x00000000d5580000)
  object space 68608K, 14% used [0x0000000080000000,0x0000000080996110,0x0000000084300000)
 Metaspace       used 20699K, committed 21504K, reserved 1114112K
  class space    used 2157K, committed 2496K, reserved 1048576K
}
Event: 7.034 GC heap after
{Heap after GC invocations=8 (full 1):
 PSYoungGen      total 29184K, used 0K [0x00000000d5580000, 0x00000000d7780000, 0x0000000100000000)
  eden space 24576K, 0% used [0x00000000d5580000,0x00000000d5580000,0x00000000d6d80000)
  from space 4608K, 0% used [0x00000000d6e80000,0x00000000d6e80000,0x00000000d7300000)
  to   space 4608K, 0% used [0x00000000d7300000,0x00000000d7300000,0x00000000d7780000)
 ParOldGen       total 68608K, used 13183K [0x0000000080000000, 0x0000000084300000, 0x00000000d5580000)
  object space 68608K, 19% used [0x0000000080000000,0x0000000080cdfc18,0x0000000084300000)
 Metaspace       used 20686K, committed 21504K, reserved 1114112K
  class space    used 2154K, committed 2496K, reserved 1048576K
}
Event: 7.336 GC heap before
{Heap before GC invocations=9 (full 1):
 PSYoungGen      total 29184K, used 24576K [0x00000000d5580000, 0x00000000d7780000, 0x0000000100000000)
  eden space 24576K, 100% used [0x00000000d5580000,0x00000000d6d80000,0x00000000d6d80000)
  from space 4608K, 0% used [0x00000000d6e80000,0x00000000d6e80000,0x00000000d7300000)
  to   space 4608K, 0% used [0x00000000d7300000,0x00000000d7300000,0x00000000d7780000)
 ParOldGen       total 68608K, used 13183K [0x0000000080000000, 0x0000000084300000, 0x00000000d5580000)
  object space 68608K, 19% used [0x0000000080000000,0x0000000080cdfc18,0x0000000084300000)
 Metaspace       used 22802K, committed 23744K, reserved 1114112K
  class space    used 2368K, committed 2752K, reserved 1048576K
}
Event: 7.338 GC heap after
{Heap after GC invocations=9 (full 1):
 PSYoungGen      total 27136K, used 2862K [0x00000000d5580000, 0x00000000d7600000, 0x0000000100000000)
  eden space 24064K, 0% used [0x00000000d5580000,0x00000000d5580000,0x00000000d6d00000)
  from space 3072K, 93% used [0x00000000d7300000,0x00000000d75cbae0,0x00000000d7600000)
  to   space 3584K, 0% used [0x00000000d6f00000,0x00000000d6f00000,0x00000000d7280000)
 ParOldGen       total 68608K, used 13191K [0x0000000080000000, 0x0000000084300000, 0x00000000d5580000)
  object space 68608K, 19% used [0x0000000080000000,0x0000000080ce1c18,0x0000000084300000)
 Metaspace       used 22802K, committed 23744K, reserved 1114112K
  class space    used 2368K, committed 2752K, reserved 1048576K
}
Event: 7.524 GC heap before
{Heap before GC invocations=10 (full 1):
 PSYoungGen      total 27136K, used 26926K [0x00000000d5580000, 0x00000000d7600000, 0x0000000100000000)
  eden space 24064K, 100% used [0x00000000d5580000,0x00000000d6d00000,0x00000000d6d00000)
  from space 3072K, 93% used [0x00000000d7300000,0x00000000d75cbae0,0x00000000d7600000)
  to   space 3584K, 0% used [0x00000000d6f00000,0x00000000d6f00000,0x00000000d7280000)
 ParOldGen       total 68608K, used 13191K [0x0000000080000000, 0x0000000084300000, 0x00000000d5580000)
  object space 68608K, 19% used [0x0000000080000000,0x0000000080ce1c18,0x0000000084300000)
 Metaspace       used 26164K, committed 27136K, reserved 1114112K
  class space    used 2618K, committed 3072K, reserved 1048576K
}
Event: 7.526 GC heap after
{Heap after GC invocations=10 (full 1):
 PSYoungGen      total 27136K, used 3386K [0x00000000d5580000, 0x00000000d7380000, 0x0000000100000000)
  eden space 23552K, 0% used [0x00000000d5580000,0x00000000d5580000,0x00000000d6c80000)
  from space 3584K, 94% used [0x00000000d6f00000,0x00000000d724eac8,0x00000000d7280000)
  to   space 1024K, 0% used [0x00000000d7280000,0x00000000d7280000,0x00000000d7380000)
 ParOldGen       total 68608K, used 13199K [0x0000000080000000, 0x0000000084300000, 0x00000000d5580000)
  object space 68608K, 19% used [0x0000000080000000,0x0000000080ce3c18,0x0000000084300000)
 Metaspace       used 26164K, committed 27136K, reserved 1114112K
  class space    used 2618K, committed 3072K, reserved 1048576K
}
Event: 7.722 GC heap before
{Heap before GC invocations=11 (full 1):
 PSYoungGen      total 27136K, used 26938K [0x00000000d5580000, 0x00000000d7380000, 0x0000000100000000)
  eden space 23552K, 100% used [0x00000000d5580000,0x00000000d6c80000,0x00000000d6c80000)
  from space 3584K, 94% used [0x00000000d6f00000,0x00000000d724eac8,0x00000000d7280000)
  to   space 1024K, 0% used [0x00000000d7280000,0x00000000d7280000,0x00000000d7380000)
 ParOldGen       total 68608K, used 13199K [0x0000000080000000, 0x0000000084300000, 0x00000000d5580000)
  object space 68608K, 19% used [0x0000000080000000,0x0000000080ce3c18,0x0000000084300000)
 Metaspace       used 27854K, committed 28928K, reserved 1114112K
  class space    used 2724K, committed 3200K, reserved 1048576K
}
Event: 7.724 GC heap after
{Heap after GC invocations=11 (full 1):
 PSYoungGen      total 24064K, used 996K [0x00000000d5580000, 0x00000000d7400000, 0x0000000100000000)
  eden space 23040K, 0% used [0x00000000d5580000,0x00000000d5580000,0x00000000d6c00000)
  from space 1024K, 97% used [0x00000000d7280000,0x00000000d7379148,0x00000000d7380000)
  to   space 4096K, 0% used [0x00000000d6c00000,0x00000000d6c00000,0x00000000d7000000)
 ParOldGen       total 68608K, used 15879K [0x0000000080000000, 0x0000000084300000, 0x00000000d5580000)
  object space 68608K, 23% used [0x0000000080000000,0x0000000080f81d60,0x0000000084300000)
 Metaspace       used 27854K, committed 28928K, reserved 1114112K
  class space    used 2724K, committed 3200K, reserved 1048576K
}
Event: 8.064 GC heap before
{Heap before GC invocations=12 (full 1):
 PSYoungGen      total 24064K, used 24036K [0x00000000d5580000, 0x00000000d7400000, 0x0000000100000000)
  eden space 23040K, 100% used [0x00000000d5580000,0x00000000d6c00000,0x00000000d6c00000)
  from space 1024K, 97% used [0x00000000d7280000,0x00000000d7379148,0x00000000d7380000)
  to   space 4096K, 0% used [0x00000000d6c00000,0x00000000d6c00000,0x00000000d7000000)
 ParOldGen       total 68608K, used 15879K [0x0000000080000000, 0x0000000084300000, 0x00000000d5580000)
  object space 68608K, 23% used [0x0000000080000000,0x0000000080f81d60,0x0000000084300000)
 Metaspace       used 31402K, committed 32512K, reserved 1114112K
  class space    used 3092K, committed 3584K, reserved 1048576K
}
Event: 8.065 GC heap after
{Heap after GC invocations=12 (full 1):
 PSYoungGen      total 26624K, used 2644K [0x00000000d5580000, 0x00000000d7300000, 0x0000000100000000)
  eden space 22528K, 0% used [0x00000000d5580000,0x00000000d5580000,0x00000000d6b80000)
  from space 4096K, 64% used [0x00000000d6c00000,0x00000000d6e95028,0x00000000d7000000)
  to   space 3072K, 0% used [0x00000000d7000000,0x00000000d7000000,0x00000000d7300000)
 ParOldGen       total 68608K, used 16651K [0x0000000080000000, 0x0000000084300000, 0x00000000d5580000)
  object space 68608K, 24% used [0x0000000080000000,0x0000000081042e38,0x0000000084300000)
 Metaspace       used 31402K, committed 32512K, reserved 1114112K
  class space    used 3092K, committed 3584K, reserved 1048576K
}
Event: 8.347 GC heap before
{Heap before GC invocations=13 (full 1):
 PSYoungGen      total 26624K, used 25172K [0x00000000d5580000, 0x00000000d7300000, 0x0000000100000000)
  eden space 22528K, 100% used [0x00000000d5580000,0x00000000d6b80000,0x00000000d6b80000)
  from space 4096K, 64% used [0x00000000d6c00000,0x00000000d6e95028,0x00000000d7000000)
  to   space 3072K, 0% used [0x00000000d7000000,0x00000000d7000000,0x00000000d7300000)
 ParOldGen       total 68608K, used 16651K [0x0000000080000000, 0x0000000084300000, 0x00000000d5580000)
  object space 68608K, 24% used [0x0000000080000000,0x0000000081042e38,0x0000000084300000)
 Metaspace       used 34118K, committed 35328K, reserved 1114112K
  class space    used 3420K, committed 3904K, reserved 1048576K
}
Event: 8.351 GC heap after
{Heap after GC invocations=13 (full 1):
 PSYoungGen      total 24576K, used 2176K [0x00000000d5580000, 0x00000000d7280000, 0x0000000100000000)
  eden space 22016K, 0% used [0x00000000d5580000,0x00000000d5580000,0x00000000d6b00000)
  from space 2560K, 85% used [0x00000000d7000000,0x00000000d7220020,0x00000000d7280000)
  to   space 2560K, 0% used [0x00000000d6d80000,0x00000000d6d80000,0x00000000d7000000)
 ParOldGen       total 68608K, used 18940K [0x0000000080000000, 0x0000000084300000, 0x00000000d5580000)
  object space 68608K, 27% used [0x0000000080000000,0x000000008127f288,0x0000000084300000)
 Metaspace       used 34118K, committed 35328K, reserved 1114112K
  class space    used 3420K, committed 3904K, reserved 1048576K
}
Event: 8.457 GC heap before
{Heap before GC invocations=14 (full 1):
 PSYoungGen      total 24576K, used 6851K [0x00000000d5580000, 0x00000000d7280000, 0x0000000100000000)
  eden space 22016K, 21% used [0x00000000d5580000,0x00000000d5a10f70,0x00000000d6b00000)
  from space 2560K, 85% used [0x00000000d7000000,0x00000000d7220020,0x00000000d7280000)
  to   space 2560K, 0% used [0x00000000d6d80000,0x00000000d6d80000,0x00000000d7000000)
 ParOldGen       total 68608K, used 18940K [0x0000000080000000, 0x0000000084300000, 0x00000000d5580000)
  object space 68608K, 27% used [0x0000000080000000,0x000000008127f288,0x0000000084300000)
 Metaspace       used 34623K, committed 35840K, reserved 1114112K
  class space    used 3496K, committed 4032K, reserved 1048576K
}
Event: 8.460 GC heap after
{Heap after GC invocations=14 (full 1):
 PSYoungGen      total 22528K, used 448K [0x00000000d5580000, 0x00000000d7080000, 0x0000000100000000)
  eden space 22016K, 0% used [0x00000000d5580000,0x00000000d5580000,0x00000000d6b00000)
  from space 512K, 87% used [0x00000000d6d80000,0x00000000d6df0000,0x00000000d6e00000)
  to   space 1536K, 0% used [0x00000000d6f00000,0x00000000d6f00000,0x00000000d7080000)
 ParOldGen       total 68608K, used 20804K [0x0000000080000000, 0x0000000084300000, 0x00000000d5580000)
  object space 68608K, 30% used [0x0000000080000000,0x0000000081451230,0x0000000084300000)
 Metaspace       used 34623K, committed 35840K, reserved 1114112K
  class space    used 3496K, committed 4032K, reserved 1048576K
}
Event: 8.460 GC heap before
{Heap before GC invocations=15 (full 2):
 PSYoungGen      total 22528K, used 448K [0x00000000d5580000, 0x00000000d7080000, 0x0000000100000000)
  eden space 22016K, 0% used [0x00000000d5580000,0x00000000d5580000,0x00000000d6b00000)
  from space 512K, 87% used [0x00000000d6d80000,0x00000000d6df0000,0x00000000d6e00000)
  to   space 1536K, 0% used [0x00000000d6f00000,0x00000000d6f00000,0x00000000d7080000)
 ParOldGen       total 68608K, used 20804K [0x0000000080000000, 0x0000000084300000, 0x00000000d5580000)
  object space 68608K, 30% used [0x0000000080000000,0x0000000081451230,0x0000000084300000)
 Metaspace       used 34623K, committed 35840K, reserved 1114112K
  class space    used 3496K, committed 4032K, reserved 1048576K
}
Event: 8.495 GC heap after
{Heap after GC invocations=15 (full 2):
 PSYoungGen      total 22528K, used 0K [0x00000000d5580000, 0x00000000d7080000, 0x0000000100000000)
  eden space 22016K, 0% used [0x00000000d5580000,0x00000000d5580000,0x00000000d6b00000)
  from space 512K, 0% used [0x00000000d6d80000,0x00000000d6d80000,0x00000000d6e00000)
  to   space 1536K, 0% used [0x00000000d6f00000,0x00000000d6f00000,0x00000000d7080000)
 ParOldGen       total 68608K, used 20147K [0x0000000080000000, 0x0000000084300000, 0x00000000d5580000)
  object space 68608K, 29% used [0x0000000080000000,0x00000000813acc10,0x0000000084300000)
 Metaspace       used 34623K, committed 35840K, reserved 1114112K
  class space    used 3496K, committed 4032K, reserved 1048576K
}
Event: 8.800 GC heap before
{Heap before GC invocations=16 (full 2):
 PSYoungGen      total 22528K, used 22016K [0x00000000d5580000, 0x00000000d7080000, 0x0000000100000000)
  eden space 22016K, 100% used [0x00000000d5580000,0x00000000d6b00000,0x00000000d6b00000)
  from space 512K, 0% used [0x00000000d6d80000,0x00000000d6d80000,0x00000000d6e00000)
  to   space 1536K, 0% used [0x00000000d6f00000,0x00000000d6f00000,0x00000000d7080000)
 ParOldGen       total 68608K, used 20147K [0x0000000080000000, 0x0000000084300000, 0x00000000d5580000)
  object space 68608K, 29% used [0x0000000080000000,0x00000000813acc10,0x0000000084300000)
 Metaspace       used 36676K, committed 37888K, reserved 1114112K
  class space    used 3762K, committed 4288K, reserved 1048576K
}
Event: 8.802 GC heap after
{Heap after GC invocations=16 (full 2):
 PSYoungGen      total 21504K, used 1536K [0x00000000d5580000, 0x00000000d7700000, 0x0000000100000000)
  eden space 19968K, 0% used [0x00000000d5580000,0x00000000d5580000,0x00000000d6900000)
  from space 1536K, 100% used [0x00000000d6f00000,0x00000000d7080000,0x00000000d7080000)
  to   space 6144K, 0% used [0x00000000d6900000,0x00000000d6900000,0x00000000d6f00000)
 ParOldGen       total 68608K, used 23532K [0x0000000080000000, 0x0000000084300000, 0x00000000d5580000)
  object space 68608K, 34% used [0x0000000080000000,0x00000000816fb1b8,0x0000000084300000)
 Metaspace       used 36676K, committed 37888K, reserved 1114112K
  class space    used 3762K, committed 4288K, reserved 1048576K
}

