# JRE version: OpenJDK Runtime Environment Temurin-21.0.10+7 (21.0.10+7) (build 21.0.10+7-LTS)
# Java VM: OpenJDK 64-Bit Server VM Temurin-21.0.10+7 (21.0.10+7-LTS, mixed mode, sharing, tiered, compressed oops, compressed class ptrs, parallel gc, windows-amd64)
GC Precious Log:
 CardTable entry size: 512
 CPUs: 16 total, 16 available
 Memory: 15723M
 Large Page Support: Disabled
 NUMA Support: Disabled
 Compressed Oops: Enabled (32-bit)
 Alignments: Space 512K, Generation 512K, Heap 2M
 Heap Min Capacity: 100M
 Heap Initial Capacity: 100M
 Heap Max Capacity: 2G
 Pre-touch: Disabled
 Parallel Workers: 13
Heap:
 PSYoungGen      total 11264K, used 10537K [0x00000000d5580000, 0x00000000d6380000, 0x0000000100000000)
  eden space 9728K, 97% used [0x00000000d5580000,0x00000000d5ebe930,0x00000000d5f00000)
  from space 1536K, 69% used [0x00000000d6200000,0x00000000d630bdb0,0x00000000d6380000)
  to   space 1536K, 0% used [0x00000000d6080000,0x00000000d6080000,0x00000000d6200000)
 ParOldGen       total 146432K, used 146125K [0x0000000080000000, 0x0000000088f00000, 0x00000000d5580000)
  object space 146432K, 99% used [0x0000000080000000,0x0000000088eb3590,0x0000000088f00000)
 Metaspace       used 77891K, committed 79552K, reserved 1179648K
  class space    used 8329K, committed 9024K, reserved 1048576K
GC Heap History (20 events):
Event: 22.109 GC heap before
{Heap before GC invocations=148 (full 3):
 PSYoungGen      total 10752K, used 10464K [0x00000000d5580000, 0x00000000d6180000, 0x0000000100000000)
  eden space 9728K, 100% used [0x00000000d5580000,0x00000000d5f00000,0x00000000d5f00000)
  from space 1024K, 71% used [0x00000000d6080000,0x00000000d6138000,0x00000000d6180000)
  to   space 1024K, 0% used [0x00000000d5f80000,0x00000000d5f80000,0x00000000d6080000)
 ParOldGen       total 136704K, used 135636K [0x0000000080000000, 0x0000000088580000, 0x00000000d5580000)
  object space 136704K, 99% used [0x0000000080000000,0x0000000088475330,0x0000000088580000)
 Metaspace       used 73578K, committed 75200K, reserved 1179648K
  class space    used 7775K, committed 8512K, reserved 1048576K
}
Event: 22.110 GC heap after
{Heap after GC invocations=148 (full 3):
 PSYoungGen      total 10752K, used 901K [0x00000000d5580000, 0x00000000d6100000, 0x0000000100000000)
  eden space 9728K, 0% used [0x00000000d5580000,0x00000000d5580000,0x00000000d5f00000)
  from space 1024K, 87% used [0x00000000d5f80000,0x00000000d6061420,0x00000000d6080000)
  to   space 512K, 0% used [0x00000000d6080000,0x00000000d6080000,0x00000000d6100000)
 ParOldGen       total 136704K, used 136108K [0x0000000080000000, 0x0000000088580000, 0x00000000d5580000)
  object space 136704K, 99% used [0x0000000080000000,0x00000000884eb330,0x0000000088580000)
 Metaspace       used 73578K, committed 75200K, reserved 1179648K
  class space    used 7775K, committed 8512K, reserved 1048576K
}
Event: 22.140 GC heap before
{Heap before GC invocations=149 (full 3):
 PSYoungGen      total 10752K, used 10629K [0x00000000d5580000, 0x00000000d6100000, 0x0000000100000000)
  eden space 9728K, 100% used [0x00000000d5580000,0x00000000d5f00000,0x00000000d5f00000)
  from space 1024K, 87% used [0x00000000d5f80000,0x00000000d6061420,0x00000000d6080000)
  to   space 512K, 0% used [0x00000000d6080000,0x00000000d6080000,0x00000000d6100000)
 ParOldGen       total 136704K, used 136108K [0x0000000080000000, 0x0000000088580000, 0x00000000d5580000)
  object space 136704K, 99% used [0x0000000080000000,0x00000000884eb330,0x0000000088580000)
 Metaspace       used 73648K, committed 75264K, reserved 1179648K
  class space    used 7776K, committed 8512K, reserved 1048576K
}
Event: 22.141 GC heap after
{Heap after GC invocations=149 (full 3):
 PSYoungGen      total 10240K, used 512K [0x00000000d5580000, 0x00000000d6200000, 0x0000000100000000)
  eden space 9728K, 0% used [0x00000000d5580000,0x00000000d5580000,0x00000000d5f00000)
  from space 512K, 100% used [0x00000000d6080000,0x00000000d6100000,0x00000000d6100000)
  to   space 1536K, 0% used [0x00000000d5f00000,0x00000000d5f00000,0x00000000d6080000)
 ParOldGen       total 137216K, used 136897K [0x0000000080000000, 0x0000000088600000, 0x00000000d5580000)
  object space 137216K, 99% used [0x0000000080000000,0x00000000885b06e0,0x0000000088600000)
 Metaspace       used 73648K, committed 75264K, reserved 1179648K
  class space    used 7776K, committed 8512K, reserved 1048576K
}
Event: 23.400 GC heap before
{Heap before GC invocations=150 (full 3):
 PSYoungGen      total 10240K, used 10240K [0x00000000d5580000, 0x00000000d6200000, 0x0000000100000000)
  eden space 9728K, 100% used [0x00000000d5580000,0x00000000d5f00000,0x00000000d5f00000)
  from space 512K, 100% used [0x00000000d6080000,0x00000000d6100000,0x00000000d6100000)
  to   space 1536K, 0% used [0x00000000d5f00000,0x00000000d5f00000,0x00000000d6080000)
 ParOldGen       total 137216K, used 136897K [0x0000000080000000, 0x0000000088600000, 0x00000000d5580000)
  object space 137216K, 99% used [0x0000000080000000,0x00000000885b06e0,0x0000000088600000)
 Metaspace       used 74043K, committed 75776K, reserved 1179648K
  class space    used 7811K, committed 8576K, reserved 1048576K
}
Event: 23.402 GC heap after
{Heap after GC invocations=150 (full 3):
 PSYoungGen      total 11264K, used 1528K [0x00000000d5580000, 0x00000000d6a00000, 0x0000000100000000)
  eden space 9728K, 0% used [0x00000000d5580000,0x00000000d5580000,0x00000000d5f00000)
  from space 1536K, 99% used [0x00000000d5f00000,0x00000000d607e3c0,0x00000000d6080000)
  to   space 5632K, 0% used [0x00000000d6480000,0x00000000d6480000,0x00000000d6a00000)
 ParOldGen       total 140288K, used 140262K [0x0000000080000000, 0x0000000088900000, 0x00000000d5580000)
  object space 140288K, 99% used [0x0000000080000000,0x00000000888f9b88,0x0000000088900000)
 Metaspace       used 74043K, committed 75776K, reserved 1179648K
  class space    used 7811K, committed 8576K, reserved 1048576K
}
Event: 24.726 GC heap before
{Heap before GC invocations=151 (full 3):
 PSYoungGen      total 11264K, used 11201K [0x00000000d5580000, 0x00000000d6a00000, 0x0000000100000000)
  eden space 9728K, 99% used [0x00000000d5580000,0x00000000d5ef20c8,0x00000000d5f00000)
  from space 1536K, 99% used [0x00000000d5f00000,0x00000000d607e3c0,0x00000000d6080000)
  to   space 5632K, 0% used [0x00000000d6480000,0x00000000d6480000,0x00000000d6a00000)
 ParOldGen       total 140288K, used 140262K [0x0000000080000000, 0x0000000088900000, 0x00000000d5580000)
  object space 140288K, 99% used [0x0000000080000000,0x00000000888f9b88,0x0000000088900000)
 Metaspace       used 74307K, committed 76032K, reserved 1179648K
  class space    used 7861K, committed 8640K, reserved 1048576K
}
Event: 24.727 GC heap after
{Heap after GC invocations=151 (full 3):
 PSYoungGen      total 10752K, used 592K [0x00000000d5580000, 0x00000000d6580000, 0x0000000100000000)
  eden space 9728K, 0% used [0x00000000d5580000,0x00000000d5580000,0x00000000d5f00000)
  from space 1024K, 57% used [0x00000000d6480000,0x00000000d6514010,0x00000000d6580000)
  to   space 2560K, 0% used [0x00000000d6080000,0x00000000d6080000,0x00000000d6300000)
 ParOldGen       total 140800K, used 140486K [0x0000000080000000, 0x0000000088980000, 0x00000000d5580000)
  object space 140800K, 99% used [0x0000000080000000,0x0000000088931b88,0x0000000088980000)
 Metaspace       used 74307K, committed 76032K, reserved 1179648K
  class space    used 7861K, committed 8640K, reserved 1048576K
}
Event: 24.914 GC heap before
{Heap before GC invocations=152 (full 3):
 PSYoungGen      total 10752K, used 10320K [0x00000000d5580000, 0x00000000d6580000, 0x0000000100000000)
  eden space 9728K, 100% used [0x00000000d5580000,0x00000000d5f00000,0x00000000d5f00000)
  from space 1024K, 57% used [0x00000000d6480000,0x00000000d6514010,0x00000000d6580000)
  to   space 2560K, 0% used [0x00000000d6080000,0x00000000d6080000,0x00000000d6300000)
 ParOldGen       total 140800K, used 140486K [0x0000000080000000, 0x0000000088980000, 0x00000000d5580000)
  object space 140800K, 99% used [0x0000000080000000,0x0000000088931b88,0x0000000088980000)
 Metaspace       used 75311K, committed 76992K, reserved 1179648K
  class space    used 7947K, committed 8704K, reserved 1048576K
}
Event: 24.915 GC heap after
{Heap after GC invocations=152 (full 3):
 PSYoungGen      total 12288K, used 529K [0x00000000d5580000, 0x00000000d6500000, 0x0000000100000000)
  eden space 9728K, 0% used [0x00000000d5580000,0x00000000d5580000,0x00000000d5f00000)
  from space 2560K, 20% used [0x00000000d6080000,0x00000000d61045c8,0x00000000d6300000)
  to   space 1024K, 0% used [0x00000000d6400000,0x00000000d6400000,0x00000000d6500000)
 ParOldGen       total 141312K, used 140814K [0x0000000080000000, 0x0000000088a00000, 0x00000000d5580000)
  object space 141312K, 99% used [0x0000000080000000,0x0000000088983b98,0x0000000088a00000)
 Metaspace       used 75311K, committed 76992K, reserved 1179648K
  class space    used 7947K, committed 8704K, reserved 1048576K
}
Event: 24.984 GC heap before
{Heap before GC invocations=153 (full 3):
 PSYoungGen      total 12288K, used 10257K [0x00000000d5580000, 0x00000000d6500000, 0x0000000100000000)
  eden space 9728K, 100% used [0x00000000d5580000,0x00000000d5f00000,0x00000000d5f00000)
  from space 2560K, 20% used [0x00000000d6080000,0x00000000d61045c8,0x00000000d6300000)
  to   space 1024K, 0% used [0x00000000d6400000,0x00000000d6400000,0x00000000d6500000)
 ParOldGen       total 141312K, used 140814K [0x0000000080000000, 0x0000000088a00000, 0x00000000d5580000)
  object space 141312K, 99% used [0x0000000080000000,0x0000000088983b98,0x0000000088a00000)
 Metaspace       used 76339K, committed 78016K, reserved 1179648K
  class space    used 8111K, committed 8832K, reserved 1048576K
}
Event: 24.984 GC heap after
{Heap after GC invocations=153 (full 3):
 PSYoungGen      total 10240K, used 416K [0x00000000d5580000, 0x00000000d6480000, 0x0000000100000000)
  eden space 9728K, 0% used [0x00000000d5580000,0x00000000d5580000,0x00000000d5f00000)
  from space 512K, 81% used [0x00000000d6400000,0x00000000d6468000,0x00000000d6480000)
  to   space 512K, 0% used [0x00000000d6380000,0x00000000d6380000,0x00000000d6400000)
 ParOldGen       total 141312K, used 141093K [0x0000000080000000, 0x0000000088a00000, 0x00000000d5580000)
  object space 141312K, 99% used [0x0000000080000000,0x00000000889c9778,0x0000000088a00000)
 Metaspace       used 76339K, committed 78016K, reserved 1179648K
  class space    used 8111K, committed 8832K, reserved 1048576K
}
Event: 25.320 GC heap before
{Heap before GC invocations=154 (full 3):
 PSYoungGen      total 10240K, used 10144K [0x00000000d5580000, 0x00000000d6480000, 0x0000000100000000)
  eden space 9728K, 100% used [0x00000000d5580000,0x00000000d5f00000,0x00000000d5f00000)
  from space 512K, 81% used [0x00000000d6400000,0x00000000d6468000,0x00000000d6480000)
  to   space 512K, 0% used [0x00000000d6380000,0x00000000d6380000,0x00000000d6400000)
 ParOldGen       total 141312K, used 141093K [0x0000000080000000, 0x0000000088a00000, 0x00000000d5580000)
  object space 141312K, 99% used [0x0000000080000000,0x00000000889c9778,0x0000000088a00000)
 Metaspace       used 77346K, committed 79104K, reserved 1179648K
  class space    used 8275K, committed 9024K, reserved 1048576K
}
Event: 25.321 GC heap after
{Heap after GC invocations=154 (full 3):
 PSYoungGen      total 10240K, used 500K [0x00000000d5580000, 0x00000000d6480000, 0x0000000100000000)
  eden space 9728K, 0% used [0x00000000d5580000,0x00000000d5580000,0x00000000d5f00000)
  from space 512K, 97% used [0x00000000d6380000,0x00000000d63fd200,0x00000000d6400000)
  to   space 512K, 0% used [0x00000000d6400000,0x00000000d6400000,0x00000000d6480000)
 ParOldGen       total 141312K, used 141309K [0x0000000080000000, 0x0000000088a00000, 0x00000000d5580000)
  object space 141312K, 99% used [0x0000000080000000,0x00000000889ff7b8,0x0000000088a00000)
 Metaspace       used 77346K, committed 79104K, reserved 1179648K
  class space    used 8275K, committed 9024K, reserved 1048576K
}
Event: 25.363 GC heap before
{Heap before GC invocations=155 (full 3):
 PSYoungGen      total 10240K, used 10228K [0x00000000d5580000, 0x00000000d6480000, 0x0000000100000000)
  eden space 9728K, 99% used [0x00000000d5580000,0x00000000d5efffc8,0x00000000d5f00000)
  from space 512K, 97% used [0x00000000d6380000,0x00000000d63fd200,0x00000000d6400000)
  to   space 512K, 0% used [0x00000000d6400000,0x00000000d6400000,0x00000000d6480000)
 ParOldGen       total 141312K, used 141309K [0x0000000080000000, 0x0000000088a00000, 0x00000000d5580000)
  object space 141312K, 99% used [0x0000000080000000,0x00000000889ff7b8,0x0000000088a00000)
 Metaspace       used 77354K, committed 79104K, reserved 1179648K
  class space    used 8275K, committed 9024K, reserved 1048576K
}
Event: 25.366 GC heap after
{Heap after GC invocations=155 (full 3):
 PSYoungGen      total 10240K, used 487K [0x00000000d5580000, 0x00000000d6900000, 0x0000000100000000)
  eden space 9728K, 0% used [0x00000000d5580000,0x00000000d5580000,0x00000000d5f00000)
  from space 512K, 95% used [0x00000000d6400000,0x00000000d6479ed8,0x00000000d6480000)
  to   space 5120K, 0% used [0x00000000d5f00000,0x00000000d5f00000,0x00000000d6400000)
 ParOldGen       total 145408K, used 145082K [0x0000000080000000, 0x0000000088e00000, 0x00000000d5580000)
  object space 145408K, 99% used [0x0000000080000000,0x0000000088dae8c0,0x0000000088e00000)
 Metaspace       used 77354K, committed 79104K, reserved 1179648K
  class space    used 8275K, committed 9024K, reserved 1048576K
}
Event: 25.409 GC heap before
{Heap before GC invocations=156 (full 3):
 PSYoungGen      total 10240K, used 10215K [0x00000000d5580000, 0x00000000d6900000, 0x0000000100000000)
  eden space 9728K, 100% used [0x00000000d5580000,0x00000000d5f00000,0x00000000d5f00000)
  from space 512K, 95% used [0x00000000d6400000,0x00000000d6479ed8,0x00000000d6480000)
  to   space 5120K, 0% used [0x00000000d5f00000,0x00000000d5f00000,0x00000000d6400000)
 ParOldGen       total 145408K, used 145082K [0x0000000080000000, 0x0000000088e00000, 0x00000000d5580000)
  object space 145408K, 99% used [0x0000000080000000,0x0000000088dae8c0,0x0000000088e00000)
 Metaspace       used 77405K, committed 79104K, reserved 1179648K
  class space    used 8278K, committed 9024K, reserved 1048576K
}
Event: 25.410 GC heap after
{Heap after GC invocations=156 (full 3):
 PSYoungGen      total 10752K, used 884K [0x00000000d5580000, 0x00000000d6480000, 0x0000000100000000)
  eden space 9728K, 0% used [0x00000000d5580000,0x00000000d5580000,0x00000000d5f00000)
  from space 1024K, 86% used [0x00000000d5f00000,0x00000000d5fdd200,0x00000000d6000000)
  to   space 2560K, 0% used [0x00000000d6200000,0x00000000d6200000,0x00000000d6480000)
 ParOldGen       total 145408K, used 145375K [0x0000000080000000, 0x0000000088e00000, 0x00000000d5580000)
  object space 145408K, 99% used [0x0000000080000000,0x0000000088df7c50,0x0000000088e00000)
 Metaspace       used 77405K, committed 79104K, reserved 1179648K
  class space    used 8278K, committed 9024K, reserved 1048576K
}
Event: 25.435 GC heap before
{Heap before GC invocations=157 (full 3):
 PSYoungGen      total 10752K, used 10612K [0x00000000d5580000, 0x00000000d6480000, 0x0000000100000000)
  eden space 9728K, 100% used [0x00000000d5580000,0x00000000d5f00000,0x00000000d5f00000)
  from space 1024K, 86% used [0x00000000d5f00000,0x00000000d5fdd200,0x00000000d6000000)
  to   space 2560K, 0% used [0x00000000d6200000,0x00000000d6200000,0x00000000d6480000)
 ParOldGen       total 145408K, used 145375K [0x0000000080000000, 0x0000000088e00000, 0x00000000d5580000)
  object space 145408K, 99% used [0x0000000080000000,0x0000000088df7c50,0x0000000088e00000)
 Metaspace       used 77479K, committed 79168K, reserved 1179648K
  class space    used 8278K, committed 9024K, reserved 1048576K
}
Event: 25.436 GC heap after
{Heap after GC invocations=157 (full 3):
 PSYoungGen      total 11264K, used 1071K [0x00000000d5580000, 0x00000000d6380000, 0x0000000100000000)
  eden space 9728K, 0% used [0x00000000d5580000,0x00000000d5580000,0x00000000d5f00000)
  from space 1536K, 69% used [0x00000000d6200000,0x00000000d630bdb0,0x00000000d6380000)
  to   space 1536K, 0% used [0x00000000d6080000,0x00000000d6080000,0x00000000d6200000)
 ParOldGen       total 146432K, used 146125K [0x0000000080000000, 0x0000000088f00000, 0x00000000d5580000)
  object space 146432K, 99% used [0x0000000080000000,0x0000000088eb3590,0x0000000088f00000)
 Metaspace       used 77479K, committed 79168K, reserved 1179648K
  class space    used 8278K, committed 9024K, reserved 1048576K
}

