# JRE version: OpenJDK Runtime Environment Temurin-21.0.10+7 (21.0.10+7) (build 21.0.10+7-LTS)
# Java VM: OpenJDK 64-Bit Server VM Temurin-21.0.10+7 (21.0.10+7-LTS, mixed mode, sharing, tiered, compressed oops, compressed class ptrs, parallel gc, windows-amd64)
GC Precious Log:
 CardTable entry size: 512
 CPUs: 16 total, 16 available
 Memory: 15723M
 Large Page Support: Disabled
 NUMA Support: Disabled
 Compressed Oops: Enabled (32-bit)
 Alignments: Space 512K, Generation 512K, Heap 2M
 Heap Min Capacity: 100M
 Heap Initial Capacity: 100M
 Heap Max Capacity: 2G
 Pre-touch: Disabled
 Parallel Workers: 13
Heap:
 PSYoungGen      total 16384K, used 2978K [0x00000000d5580000, 0x00000000d6800000, 0x0000000100000000)
  eden space 15360K, 15% used [0x00000000d5580000,0x00000000d57d0a68,0x00000000d6480000)
  from space 1024K, 59% used [0x00000000d6600000,0x00000000d6698040,0x00000000d6700000)
  to   space 1024K, 0% used [0x00000000d6700000,0x00000000d6700000,0x00000000d6800000)
 ParOldGen       total 84992K, used 84888K [0x0000000080000000, 0x0000000085300000, 0x00000000d5580000)
  object space 84992K, 99% used [0x0000000080000000,0x00000000852e63f0,0x0000000085300000)
 Metaspace       used 73351K, committed 74944K, reserved 1179648K
  class space    used 7808K, committed 8448K, reserved 1048576K
GC Heap History (20 events):
Event: 13.360 GC heap before
{Heap before GC invocations=89 (full 3):
 PSYoungGen      total 17408K, used 17079K [0x00000000d5580000, 0x00000000d6980000, 0x0000000100000000)
  eden space 15360K, 100% used [0x00000000d5580000,0x00000000d6480000,0x00000000d6480000)
  from space 2048K, 83% used [0x00000000d6480000,0x00000000d662de78,0x00000000d6680000)
  to   space 2560K, 0% used [0x00000000d6700000,0x00000000d6700000,0x00000000d6980000)
 ParOldGen       total 72704K, used 72600K [0x0000000080000000, 0x0000000084700000, 0x00000000d5580000)
  object space 72704K, 99% used [0x0000000080000000,0x00000000846e6160,0x0000000084700000)
 Metaspace       used 67094K, committed 68672K, reserved 1114112K
  class space    used 7210K, committed 7872K, reserved 1048576K
}
Event: 13.363 GC heap after
{Heap after GC invocations=89 (full 3):
 PSYoungGen      total 16896K, used 1440K [0x00000000d5580000, 0x00000000d6880000, 0x0000000100000000)
  eden space 15360K, 0% used [0x00000000d5580000,0x00000000d5580000,0x00000000d6480000)
  from space 1536K, 93% used [0x00000000d6700000,0x00000000d6868000,0x00000000d6880000)
  to   space 2048K, 0% used [0x00000000d6480000,0x00000000d6480000,0x00000000d6680000)
 ParOldGen       total 74240K, used 74140K [0x0000000080000000, 0x0000000084880000, 0x00000000d5580000)
  object space 74240K, 99% used [0x0000000080000000,0x00000000848673d0,0x0000000084880000)
 Metaspace       used 67094K, committed 68672K, reserved 1114112K
  class space    used 7210K, committed 7872K, reserved 1048576K
}
Event: 13.492 GC heap before
{Heap before GC invocations=90 (full 3):
 PSYoungGen      total 16896K, used 16800K [0x00000000d5580000, 0x00000000d6880000, 0x0000000100000000)
  eden space 15360K, 100% used [0x00000000d5580000,0x00000000d6480000,0x00000000d6480000)
  from space 1536K, 93% used [0x00000000d6700000,0x00000000d6868000,0x00000000d6880000)
  to   space 2048K, 0% used [0x00000000d6480000,0x00000000d6480000,0x00000000d6680000)
 ParOldGen       total 74240K, used 74140K [0x0000000080000000, 0x0000000084880000, 0x00000000d5580000)
  object space 74240K, 99% used [0x0000000080000000,0x00000000848673d0,0x0000000084880000)
 Metaspace       used 67616K, committed 69120K, reserved 1114112K
  class space    used 7273K, committed 7872K, reserved 1048576K
}
Event: 13.495 GC heap after
{Heap after GC invocations=90 (full 3):
 PSYoungGen      total 17408K, used 2039K [0x00000000d5580000, 0x00000000d6a80000, 0x0000000100000000)
  eden space 15360K, 0% used [0x00000000d5580000,0x00000000d5580000,0x00000000d6480000)
  from space 2048K, 99% used [0x00000000d6480000,0x00000000d667dfd8,0x00000000d6680000)
  to   space 3072K, 0% used [0x00000000d6780000,0x00000000d6780000,0x00000000d6a80000)
 ParOldGen       total 75264K, used 74829K [0x0000000080000000, 0x0000000084980000, 0x00000000d5580000)
  object space 75264K, 99% used [0x0000000080000000,0x0000000084913410,0x0000000084980000)
 Metaspace       used 67616K, committed 69120K, reserved 1114112K
  class space    used 7273K, committed 7872K, reserved 1048576K
}
Event: 13.589 GC heap before
{Heap before GC invocations=91 (full 3):
 PSYoungGen      total 17408K, used 17399K [0x00000000d5580000, 0x00000000d6a80000, 0x0000000100000000)
  eden space 15360K, 100% used [0x00000000d5580000,0x00000000d6480000,0x00000000d6480000)
  from space 2048K, 99% used [0x00000000d6480000,0x00000000d667dfd8,0x00000000d6680000)
  to   space 3072K, 0% used [0x00000000d6780000,0x00000000d6780000,0x00000000d6a80000)
 ParOldGen       total 75264K, used 74829K [0x0000000080000000, 0x0000000084980000, 0x00000000d5580000)
  object space 75264K, 99% used [0x0000000080000000,0x0000000084913410,0x0000000084980000)
 Metaspace       used 67972K, committed 69504K, reserved 1114112K
  class space    used 7309K, committed 7936K, reserved 1048576K
}
Event: 13.592 GC heap after
{Heap after GC invocations=91 (full 3):
 PSYoungGen      total 16384K, used 1024K [0x00000000d5580000, 0x00000000d6880000, 0x0000000100000000)
  eden space 15360K, 0% used [0x00000000d5580000,0x00000000d5580000,0x00000000d6480000)
  from space 1024K, 100% used [0x00000000d6780000,0x00000000d6880000,0x00000000d6880000)
  to   space 2048K, 0% used [0x00000000d6480000,0x00000000d6480000,0x00000000d6680000)
 ParOldGen       total 76800K, used 76754K [0x0000000080000000, 0x0000000084b00000, 0x00000000d5580000)
  object space 76800K, 99% used [0x0000000080000000,0x0000000084af4998,0x0000000084b00000)
 Metaspace       used 67972K, committed 69504K, reserved 1114112K
  class space    used 7309K, committed 7936K, reserved 1048576K
}
Event: 13.721 GC heap before
{Heap before GC invocations=92 (full 3):
 PSYoungGen      total 16384K, used 16384K [0x00000000d5580000, 0x00000000d6880000, 0x0000000100000000)
  eden space 15360K, 100% used [0x00000000d5580000,0x00000000d6480000,0x00000000d6480000)
  from space 1024K, 100% used [0x00000000d6780000,0x00000000d6880000,0x00000000d6880000)
  to   space 2048K, 0% used [0x00000000d6480000,0x00000000d6480000,0x00000000d6680000)
 ParOldGen       total 76800K, used 76754K [0x0000000080000000, 0x0000000084b00000, 0x00000000d5580000)
  object space 76800K, 99% used [0x0000000080000000,0x0000000084af4998,0x0000000084b00000)
 Metaspace       used 68461K, committed 69952K, reserved 1114112K
  class space    used 7369K, committed 8000K, reserved 1048576K
}
Event: 13.724 GC heap after
{Heap after GC invocations=92 (full 3):
 PSYoungGen      total 17408K, used 1560K [0x00000000d5580000, 0x00000000d6880000, 0x0000000100000000)
  eden space 15360K, 0% used [0x00000000d5580000,0x00000000d5580000,0x00000000d6480000)
  from space 2048K, 76% used [0x00000000d6480000,0x00000000d6606290,0x00000000d6680000)
  to   space 2048K, 0% used [0x00000000d6680000,0x00000000d6680000,0x00000000d6880000)
 ParOldGen       total 77824K, used 77338K [0x0000000080000000, 0x0000000084c00000, 0x00000000d5580000)
  object space 77824K, 99% used [0x0000000080000000,0x0000000084b86998,0x0000000084c00000)
 Metaspace       used 68461K, committed 69952K, reserved 1114112K
  class space    used 7369K, committed 8000K, reserved 1048576K
}
Event: 13.965 GC heap before
{Heap before GC invocations=93 (full 3):
 PSYoungGen      total 17408K, used 16755K [0x00000000d5580000, 0x00000000d6880000, 0x0000000100000000)
  eden space 15360K, 98% used [0x00000000d5580000,0x00000000d6456b18,0x00000000d6480000)
  from space 2048K, 76% used [0x00000000d6480000,0x00000000d6606290,0x00000000d6680000)
  to   space 2048K, 0% used [0x00000000d6680000,0x00000000d6680000,0x00000000d6880000)
 ParOldGen       total 77824K, used 77338K [0x0000000080000000, 0x0000000084c00000, 0x00000000d5580000)
  object space 77824K, 99% used [0x0000000080000000,0x0000000084b86998,0x0000000084c00000)
 Metaspace       used 69844K, committed 71424K, reserved 1114112K
  class space    used 7484K, committed 8128K, reserved 1048576K
}
Event: 13.967 GC heap after
{Heap after GC invocations=93 (full 3):
 PSYoungGen      total 17408K, used 1565K [0x00000000d5580000, 0x00000000d6880000, 0x0000000100000000)
  eden space 15360K, 0% used [0x00000000d5580000,0x00000000d5580000,0x00000000d6480000)
  from space 2048K, 76% used [0x00000000d6680000,0x00000000d68076c0,0x00000000d6880000)
  to   space 2048K, 0% used [0x00000000d6480000,0x00000000d6480000,0x00000000d6680000)
 ParOldGen       total 78848K, used 78629K [0x0000000080000000, 0x0000000084d00000, 0x00000000d5580000)
  object space 78848K, 99% used [0x0000000080000000,0x0000000084cc9500,0x0000000084d00000)
 Metaspace       used 69844K, committed 71424K, reserved 1114112K
  class space    used 7484K, committed 8128K, reserved 1048576K
}
Event: 14.175 GC heap before
{Heap before GC invocations=94 (full 3):
 PSYoungGen      total 17408K, used 16925K [0x00000000d5580000, 0x00000000d6880000, 0x0000000100000000)
  eden space 15360K, 99% used [0x00000000d5580000,0x00000000d647fff8,0x00000000d6480000)
  from space 2048K, 76% used [0x00000000d6680000,0x00000000d68076c0,0x00000000d6880000)
  to   space 2048K, 0% used [0x00000000d6480000,0x00000000d6480000,0x00000000d6680000)
 ParOldGen       total 78848K, used 78629K [0x0000000080000000, 0x0000000084d00000, 0x00000000d5580000)
  object space 78848K, 99% used [0x0000000080000000,0x0000000084cc9500,0x0000000084d00000)
 Metaspace       used 70748K, committed 72320K, reserved 1114112K
  class space    used 7586K, committed 8192K, reserved 1048576K
}
Event: 14.180 GC heap after
{Heap after GC invocations=94 (full 3):
 PSYoungGen      total 17408K, used 2017K [0x00000000d5580000, 0x00000000d6d80000, 0x0000000100000000)
  eden space 15360K, 0% used [0x00000000d5580000,0x00000000d5580000,0x00000000d6480000)
  from space 2048K, 98% used [0x00000000d6480000,0x00000000d6678750,0x00000000d6680000)
  to   space 4608K, 0% used [0x00000000d6900000,0x00000000d6900000,0x00000000d6d80000)
 ParOldGen       total 80896K, used 80569K [0x0000000080000000, 0x0000000084f00000, 0x00000000d5580000)
  object space 80896K, 99% used [0x0000000080000000,0x0000000084eae448,0x0000000084f00000)
 Metaspace       used 70748K, committed 72320K, reserved 1114112K
  class space    used 7586K, committed 8192K, reserved 1048576K
}
Event: 14.357 GC heap before
{Heap before GC invocations=95 (full 3):
 PSYoungGen      total 17408K, used 17377K [0x00000000d5580000, 0x00000000d6d80000, 0x0000000100000000)
  eden space 15360K, 99% used [0x00000000d5580000,0x00000000d647fff0,0x00000000d6480000)
  from space 2048K, 98% used [0x00000000d6480000,0x00000000d6678750,0x00000000d6680000)
  to   space 4608K, 0% used [0x00000000d6900000,0x00000000d6900000,0x00000000d6d80000)
 ParOldGen       total 80896K, used 80569K [0x0000000080000000, 0x0000000084f00000, 0x00000000d5580000)
  object space 80896K, 99% used [0x0000000080000000,0x0000000084eae448,0x0000000084f00000)
 Metaspace       used 71312K, committed 72896K, reserved 1114112K
  class space    used 7629K, committed 8256K, reserved 1048576K
}
Event: 14.363 GC heap after
{Heap after GC invocations=95 (full 3):
 PSYoungGen      total 17920K, used 2244K [0x00000000d5580000, 0x00000000d6b80000, 0x0000000100000000)
  eden space 15360K, 0% used [0x00000000d5580000,0x00000000d5580000,0x00000000d6480000)
  from space 2560K, 87% used [0x00000000d6900000,0x00000000d6b31300,0x00000000d6b80000)
  to   space 3072K, 0% used [0x00000000d6580000,0x00000000d6580000,0x00000000d6880000)
 ParOldGen       total 81920K, used 81862K [0x0000000080000000, 0x0000000085000000, 0x00000000d5580000)
  object space 81920K, 99% used [0x0000000080000000,0x0000000084ff1a40,0x0000000085000000)
 Metaspace       used 71312K, committed 72896K, reserved 1114112K
  class space    used 7629K, committed 8256K, reserved 1048576K
}
Event: 14.628 GC heap before
{Heap before GC invocations=96 (full 3):
 PSYoungGen      total 17920K, used 17604K [0x00000000d5580000, 0x00000000d6b80000, 0x0000000100000000)
  eden space 15360K, 100% used [0x00000000d5580000,0x00000000d6480000,0x00000000d6480000)
  from space 2560K, 87% used [0x00000000d6900000,0x00000000d6b31300,0x00000000d6b80000)
  to   space 3072K, 0% used [0x00000000d6580000,0x00000000d6580000,0x00000000d6880000)
 ParOldGen       total 81920K, used 81862K [0x0000000080000000, 0x0000000085000000, 0x00000000d5580000)
  object space 81920K, 99% used [0x0000000080000000,0x0000000084ff1a40,0x0000000085000000)
 Metaspace       used 72149K, committed 73664K, reserved 1179648K
  class space    used 7708K, committed 8320K, reserved 1048576K
}
Event: 14.631 GC heap after
{Heap after GC invocations=96 (full 3):
 PSYoungGen      total 16896K, used 1108K [0x00000000d5580000, 0x00000000d6980000, 0x0000000100000000)
  eden space 15360K, 0% used [0x00000000d5580000,0x00000000d5580000,0x00000000d6480000)
  from space 1536K, 72% used [0x00000000d6580000,0x00000000d6695240,0x00000000d6700000)
  to   space 2048K, 0% used [0x00000000d6780000,0x00000000d6780000,0x00000000d6980000)
 ParOldGen       total 83968K, used 83941K [0x0000000080000000, 0x0000000085200000, 0x00000000d5580000)
  object space 83968K, 99% used [0x0000000080000000,0x00000000851f9478,0x0000000085200000)
 Metaspace       used 72149K, committed 73664K, reserved 1179648K
  class space    used 7708K, committed 8320K, reserved 1048576K
}
Event: 14.948 GC heap before
{Heap before GC invocations=97 (full 3):
 PSYoungGen      total 16896K, used 16468K [0x00000000d5580000, 0x00000000d6980000, 0x0000000100000000)
  eden space 15360K, 100% used [0x00000000d5580000,0x00000000d6480000,0x00000000d6480000)
  from space 1536K, 72% used [0x00000000d6580000,0x00000000d6695240,0x00000000d6700000)
  to   space 2048K, 0% used [0x00000000d6780000,0x00000000d6780000,0x00000000d6980000)
 ParOldGen       total 83968K, used 83941K [0x0000000080000000, 0x0000000085200000, 0x00000000d5580000)
  object space 83968K, 99% used [0x0000000080000000,0x00000000851f9478,0x0000000085200000)
 Metaspace       used 72628K, committed 74112K, reserved 1179648K
  class space    used 7757K, committed 8384K, reserved 1048576K
}
Event: 14.950 GC heap after
{Heap after GC invocations=97 (full 3):
 PSYoungGen      total 15872K, used 448K [0x00000000d5580000, 0x00000000d6800000, 0x0000000100000000)
  eden space 15360K, 0% used [0x00000000d5580000,0x00000000d5580000,0x00000000d6480000)
  from space 512K, 87% used [0x00000000d6780000,0x00000000d67f0000,0x00000000d6800000)
  to   space 1024K, 0% used [0x00000000d6600000,0x00000000d6600000,0x00000000d6700000)
 ParOldGen       total 84992K, used 84656K [0x0000000080000000, 0x0000000085300000, 0x00000000d5580000)
  object space 84992K, 99% used [0x0000000080000000,0x00000000852ac3f0,0x0000000085300000)
 Metaspace       used 72628K, committed 74112K, reserved 1179648K
  class space    used 7757K, committed 8384K, reserved 1048576K
}
Event: 661.383 GC heap before
{Heap before GC invocations=98 (full 3):
 PSYoungGen      total 15872K, used 15807K [0x00000000d5580000, 0x00000000d6800000, 0x0000000100000000)
  eden space 15360K, 99% used [0x00000000d5580000,0x00000000d647fff0,0x00000000d6480000)
  from space 512K, 87% used [0x00000000d6780000,0x00000000d67f0000,0x00000000d6800000)
  to   space 1024K, 0% used [0x00000000d6600000,0x00000000d6600000,0x00000000d6700000)
 ParOldGen       total 84992K, used 84656K [0x0000000080000000, 0x0000000085300000, 0x00000000d5580000)
  object space 84992K, 99% used [0x0000000080000000,0x00000000852ac3f0,0x0000000085300000)
 Metaspace       used 73283K, committed 74880K, reserved 1179648K
  class space    used 7808K, committed 8448K, reserved 1048576K
}
Event: 661.384 GC heap after
{Heap after GC invocations=98 (full 3):
 PSYoungGen      total 16384K, used 608K [0x00000000d5580000, 0x00000000d6800000, 0x0000000100000000)
  eden space 15360K, 0% used [0x00000000d5580000,0x00000000d5580000,0x00000000d6480000)
  from space 1024K, 59% used [0x00000000d6600000,0x00000000d6698040,0x00000000d6700000)
  to   space 1024K, 0% used [0x00000000d6700000,0x00000000d6700000,0x00000000d6800000)
 ParOldGen       total 84992K, used 84888K [0x0000000080000000, 0x0000000085300000, 0x00000000d5580000)
  object space 84992K, 99% used [0x0000000080000000,0x00000000852e63f0,0x0000000085300000)
 Metaspace       used 73283K, committed 74880K, reserved 1179648K
  class space    used 7808K, committed 8448K, reserved 1048576K
}

