# JRE version: OpenJDK Runtime Environment Temurin-21.0.10+7 (21.0.10+7) (build 21.0.10+7-LTS)
# Java VM: OpenJDK 64-Bit Server VM Temurin-21.0.10+7 (21.0.10+7-LTS, mixed mode, sharing, tiered, compressed oops, compressed class ptrs, parallel gc, windows-amd64)
GC Precious Log:
 CardTable entry size: 512
 CPUs: 16 total, 16 available
 Memory: 15723M
 Large Page Support: Disabled
 NUMA Support: Disabled
 Compressed Oops: Enabled (32-bit)
 Alignments: Space 512K, Generation 512K, Heap 2M
 Heap Min Capacity: 100M
 Heap Initial Capacity: 100M
 Heap Max Capacity: 2G
 Pre-touch: Disabled
 Parallel Workers: 13
Heap:
 PSYoungGen      total 10752K, used 4630K [0x00000000d5580000, 0x00000000d6200000, 0x0000000100000000)
  eden space 9728K, 37% used [0x00000000d5580000,0x00000000d590da30,0x00000000d5f00000)
  from space 1024K, 96% used [0x00000000d6000000,0x00000000d60f8020,0x00000000d6100000)
  to   space 1024K, 0% used [0x00000000d6100000,0x00000000d6100000,0x00000000d6200000)
 ParOldGen       total 105984K, used 105849K [0x0000000080000000, 0x0000000086780000, 0x00000000d5580000)
  object space 105984K, 99% used [0x0000000080000000,0x000000008675e7b0,0x0000000086780000)
 Metaspace       used 72765K, committed 74432K, reserved 1179648K
  class space    used 7748K, committed 8448K, reserved 1048576K
GC Heap History (20 events):
Event: 12.546 GC heap before
{Heap before GC invocations=103 (full 3):
 PSYoungGen      total 12800K, used 12598K [0x00000000d5580000, 0x00000000d6380000, 0x0000000100000000)
  eden space 11264K, 99% used [0x00000000d5580000,0x00000000d607dd20,0x00000000d6080000)
  from space 1536K, 87% used [0x00000000d6080000,0x00000000d61cfcb0,0x00000000d6200000)
  to   space 1536K, 0% used [0x00000000d6200000,0x00000000d6200000,0x00000000d6380000)
 ParOldGen       total 75264K, used 75261K [0x0000000080000000, 0x0000000084980000, 0x00000000d5580000)
  object space 75264K, 99% used [0x0000000080000000,0x000000008497f600,0x0000000084980000)
 Metaspace       used 67158K, committed 68608K, reserved 1114112K
  class space    used 7060K, committed 7680K, reserved 1048576K
}
Event: 12.548 GC heap after
{Heap after GC invocations=103 (full 3):
 PSYoungGen      total 12288K, used 1514K [0x00000000d5580000, 0x00000000d6480000, 0x0000000100000000)
  eden space 10752K, 0% used [0x00000000d5580000,0x00000000d5580000,0x00000000d6000000)
  from space 1536K, 98% used [0x00000000d6200000,0x00000000d637aa28,0x00000000d6380000)
  to   space 2048K, 0% used [0x00000000d6000000,0x00000000d6000000,0x00000000d6200000)
 ParOldGen       total 76800K, used 76391K [0x0000000080000000, 0x0000000084b00000, 0x00000000d5580000)
  object space 76800K, 99% used [0x0000000080000000,0x0000000084a99df8,0x0000000084b00000)
 Metaspace       used 67158K, committed 68608K, reserved 1114112K
  class space    used 7060K, committed 7680K, reserved 1048576K
}
Event: 12.676 GC heap before
{Heap before GC invocations=104 (full 3):
 PSYoungGen      total 12288K, used 12266K [0x00000000d5580000, 0x00000000d6480000, 0x0000000100000000)
  eden space 10752K, 100% used [0x00000000d5580000,0x00000000d6000000,0x00000000d6000000)
  from space 1536K, 98% used [0x00000000d6200000,0x00000000d637aa28,0x00000000d6380000)
  to   space 2048K, 0% used [0x00000000d6000000,0x00000000d6000000,0x00000000d6200000)
 ParOldGen       total 76800K, used 76391K [0x0000000080000000, 0x0000000084b00000, 0x00000000d5580000)
  object space 76800K, 99% used [0x0000000080000000,0x0000000084a99df8,0x0000000084b00000)
 Metaspace       used 67800K, committed 69312K, reserved 1114112K
  class space    used 7136K, committed 7744K, reserved 1048576K
}
Event: 12.679 GC heap after
{Heap after GC invocations=104 (full 3):
 PSYoungGen      total 11776K, used 576K [0x00000000d5580000, 0x00000000d6280000, 0x0000000100000000)
  eden space 10752K, 0% used [0x00000000d5580000,0x00000000d5580000,0x00000000d6000000)
  from space 1024K, 56% used [0x00000000d6000000,0x00000000d6090000,0x00000000d6100000)
  to   space 1024K, 0% used [0x00000000d6180000,0x00000000d6180000,0x00000000d6280000)
 ParOldGen       total 77312K, used 77031K [0x0000000080000000, 0x0000000084b80000, 0x00000000d5580000)
  object space 77312K, 99% used [0x0000000080000000,0x0000000084b39e28,0x0000000084b80000)
 Metaspace       used 67800K, committed 69312K, reserved 1114112K
  class space    used 7136K, committed 7744K, reserved 1048576K
}
Event: 12.891 GC heap before
{Heap before GC invocations=105 (full 3):
 PSYoungGen      total 11776K, used 11328K [0x00000000d5580000, 0x00000000d6280000, 0x0000000100000000)
  eden space 10752K, 100% used [0x00000000d5580000,0x00000000d6000000,0x00000000d6000000)
  from space 1024K, 56% used [0x00000000d6000000,0x00000000d6090000,0x00000000d6100000)
  to   space 1024K, 0% used [0x00000000d6180000,0x00000000d6180000,0x00000000d6280000)
 ParOldGen       total 77312K, used 77031K [0x0000000080000000, 0x0000000084b80000, 0x00000000d5580000)
  object space 77312K, 99% used [0x0000000080000000,0x0000000084b39e28,0x0000000084b80000)
 Metaspace       used 68158K, committed 69696K, reserved 1114112K
  class space    used 7178K, committed 7808K, reserved 1048576K
}
Event: 12.894 GC heap after
{Heap after GC invocations=105 (full 3):
 PSYoungGen      total 10752K, used 1024K [0x00000000d5580000, 0x00000000d6500000, 0x0000000100000000)
  eden space 9728K, 0% used [0x00000000d5580000,0x00000000d5580000,0x00000000d5f00000)
  from space 1024K, 100% used [0x00000000d6180000,0x00000000d6280000,0x00000000d6280000)
  to   space 2560K, 0% used [0x00000000d5f00000,0x00000000d5f00000,0x00000000d6180000)
 ParOldGen       total 78336K, used 77939K [0x0000000080000000, 0x0000000084c80000, 0x00000000d5580000)
  object space 78336K, 99% used [0x0000000080000000,0x0000000084c1ce68,0x0000000084c80000)
 Metaspace       used 68158K, committed 69696K, reserved 1114112K
  class space    used 7178K, committed 7808K, reserved 1048576K
}
Event: 13.102 GC heap before
{Heap before GC invocations=106 (full 3):
 PSYoungGen      total 10752K, used 10752K [0x00000000d5580000, 0x00000000d6500000, 0x0000000100000000)
  eden space 9728K, 100% used [0x00000000d5580000,0x00000000d5f00000,0x00000000d5f00000)
  from space 1024K, 100% used [0x00000000d6180000,0x00000000d6280000,0x00000000d6280000)
  to   space 2560K, 0% used [0x00000000d5f00000,0x00000000d5f00000,0x00000000d6180000)
 ParOldGen       total 78336K, used 77939K [0x0000000080000000, 0x0000000084c80000, 0x00000000d5580000)
  object space 78336K, 99% used [0x0000000080000000,0x0000000084c1ce68,0x0000000084c80000)
 Metaspace       used 68653K, committed 70144K, reserved 1114112K
  class space    used 7229K, committed 7872K, reserved 1048576K
}
Event: 13.104 GC heap after
{Heap after GC invocations=106 (full 3):
 PSYoungGen      total 10752K, used 965K [0x00000000d5580000, 0x00000000d6200000, 0x0000000100000000)
  eden space 9728K, 0% used [0x00000000d5580000,0x00000000d5580000,0x00000000d5f00000)
  from space 1024K, 94% used [0x00000000d5f00000,0x00000000d5ff1420,0x00000000d6000000)
  to   space 1536K, 0% used [0x00000000d6080000,0x00000000d6080000,0x00000000d6200000)
 ParOldGen       total 78848K, used 78839K [0x0000000080000000, 0x0000000084d00000, 0x00000000d5580000)
  object space 78848K, 99% used [0x0000000080000000,0x0000000084cfde78,0x0000000084d00000)
 Metaspace       used 68653K, committed 70144K, reserved 1114112K
  class space    used 7229K, committed 7872K, reserved 1048576K
}
Event: 13.149 GC heap before
{Heap before GC invocations=107 (full 3):
 PSYoungGen      total 10752K, used 10693K [0x00000000d5580000, 0x00000000d6200000, 0x0000000100000000)
  eden space 9728K, 100% used [0x00000000d5580000,0x00000000d5f00000,0x00000000d5f00000)
  from space 1024K, 94% used [0x00000000d5f00000,0x00000000d5ff1420,0x00000000d6000000)
  to   space 1536K, 0% used [0x00000000d6080000,0x00000000d6080000,0x00000000d6200000)
 ParOldGen       total 102400K, used 101879K [0x0000000080000000, 0x0000000086400000, 0x00000000d5580000)
  object space 102400K, 99% used [0x0000000080000000,0x000000008637de98,0x0000000086400000)
 Metaspace       used 68833K, committed 70336K, reserved 1114112K
  class space    used 7250K, committed 7872K, reserved 1048576K
}
Event: 13.150 GC heap after
{Heap after GC invocations=107 (full 3):
 PSYoungGen      total 10240K, used 384K [0x00000000d5580000, 0x00000000d6100000, 0x0000000100000000)
  eden space 9728K, 0% used [0x00000000d5580000,0x00000000d5580000,0x00000000d5f00000)
  from space 512K, 75% used [0x00000000d6080000,0x00000000d60e0000,0x00000000d6100000)
  to   space 1024K, 0% used [0x00000000d5f00000,0x00000000d5f00000,0x00000000d6000000)
 ParOldGen       total 102912K, used 102615K [0x0000000080000000, 0x0000000086480000, 0x00000000d5580000)
  object space 102912K, 99% used [0x0000000080000000,0x0000000086435e88,0x0000000086480000)
 Metaspace       used 68833K, committed 70336K, reserved 1114112K
  class space    used 7250K, committed 7872K, reserved 1048576K
}
Event: 16.838 GC heap before
{Heap before GC invocations=108 (full 3):
 PSYoungGen      total 10240K, used 10069K [0x00000000d5580000, 0x00000000d6100000, 0x0000000100000000)
  eden space 9728K, 99% used [0x00000000d5580000,0x00000000d5ef55a8,0x00000000d5f00000)
  from space 512K, 75% used [0x00000000d6080000,0x00000000d60e0000,0x00000000d6100000)
  to   space 1024K, 0% used [0x00000000d5f00000,0x00000000d5f00000,0x00000000d6000000)
 ParOldGen       total 102912K, used 102615K [0x0000000080000000, 0x0000000086480000, 0x00000000d5580000)
  object space 102912K, 99% used [0x0000000080000000,0x0000000086435e88,0x0000000086480000)
 Metaspace       used 69205K, committed 70720K, reserved 1114112K
  class space    used 7280K, committed 7936K, reserved 1048576K
}
Event: 16.840 GC heap after
{Heap after GC invocations=108 (full 3):
 PSYoungGen      total 10752K, used 1007K [0x00000000d5580000, 0x00000000d6500000, 0x0000000100000000)
  eden space 9728K, 0% used [0x00000000d5580000,0x00000000d5580000,0x00000000d5f00000)
  from space 1024K, 98% used [0x00000000d5f00000,0x00000000d5ffbfe8,0x00000000d6000000)
  to   space 3072K, 0% used [0x00000000d6200000,0x00000000d6200000,0x00000000d6500000)
 ParOldGen       total 104448K, used 104188K [0x0000000080000000, 0x0000000086600000, 0x00000000d5580000)
  object space 104448K, 99% used [0x0000000080000000,0x00000000865bf0e8,0x0000000086600000)
 Metaspace       used 69205K, committed 70720K, reserved 1114112K
  class space    used 7280K, committed 7936K, reserved 1048576K
}
Event: 19.370 GC heap before
{Heap before GC invocations=109 (full 3):
 PSYoungGen      total 10752K, used 10679K [0x00000000d5580000, 0x00000000d6500000, 0x0000000100000000)
  eden space 9728K, 99% used [0x00000000d5580000,0x00000000d5ef1ef8,0x00000000d5f00000)
  from space 1024K, 98% used [0x00000000d5f00000,0x00000000d5ffbfe8,0x00000000d6000000)
  to   space 3072K, 0% used [0x00000000d6200000,0x00000000d6200000,0x00000000d6500000)
 ParOldGen       total 104448K, used 104188K [0x0000000080000000, 0x0000000086600000, 0x00000000d5580000)
  object space 104448K, 99% used [0x0000000080000000,0x00000000865bf0e8,0x0000000086600000)
 Metaspace       used 69380K, committed 70912K, reserved 1114112K
  class space    used 7304K, committed 7936K, reserved 1048576K
}
Event: 19.371 GC heap after
{Heap after GC invocations=109 (full 3):
 PSYoungGen      total 11264K, used 1168K [0x00000000d5580000, 0x00000000d6380000, 0x0000000100000000)
  eden space 9728K, 0% used [0x00000000d5580000,0x00000000d5580000,0x00000000d5f00000)
  from space 1536K, 76% used [0x00000000d6200000,0x00000000d6324010,0x00000000d6380000)
  to   space 2048K, 0% used [0x00000000d5f80000,0x00000000d5f80000,0x00000000d6180000)
 ParOldGen       total 104448K, used 104356K [0x0000000080000000, 0x0000000086600000, 0x00000000d5580000)
  object space 104448K, 99% used [0x0000000080000000,0x00000000865e90f8,0x0000000086600000)
 Metaspace       used 69380K, committed 70912K, reserved 1114112K
  class space    used 7304K, committed 7936K, reserved 1048576K
}
Event: 19.530 GC heap before
{Heap before GC invocations=110 (full 3):
 PSYoungGen      total 11264K, used 10896K [0x00000000d5580000, 0x00000000d6380000, 0x0000000100000000)
  eden space 9728K, 100% used [0x00000000d5580000,0x00000000d5f00000,0x00000000d5f00000)
  from space 1536K, 76% used [0x00000000d6200000,0x00000000d6324010,0x00000000d6380000)
  to   space 2048K, 0% used [0x00000000d5f80000,0x00000000d5f80000,0x00000000d6180000)
 ParOldGen       total 104448K, used 104356K [0x0000000080000000, 0x0000000086600000, 0x00000000d5580000)
  object space 104448K, 99% used [0x0000000080000000,0x00000000865e90f8,0x0000000086600000)
 Metaspace       used 70613K, committed 72256K, reserved 1114112K
  class space    used 7438K, committed 8128K, reserved 1048576K
}
Event: 19.531 GC heap after
{Heap after GC invocations=110 (full 3):
 PSYoungGen      total 11776K, used 593K [0x00000000d5580000, 0x00000000d6280000, 0x0000000100000000)
  eden space 9728K, 0% used [0x00000000d5580000,0x00000000d5580000,0x00000000d5f00000)
  from space 2048K, 28% used [0x00000000d5f80000,0x00000000d60145c8,0x00000000d6180000)
  to   space 1024K, 0% used [0x00000000d6180000,0x00000000d6180000,0x00000000d6280000)
 ParOldGen       total 105472K, used 105346K [0x0000000080000000, 0x0000000086700000, 0x00000000d5580000)
  object space 105472K, 99% used [0x0000000080000000,0x00000000866e0ba0,0x0000000086700000)
 Metaspace       used 70613K, committed 72256K, reserved 1114112K
  class space    used 7438K, committed 8128K, reserved 1048576K
}
Event: 19.600 GC heap before
{Heap before GC invocations=111 (full 3):
 PSYoungGen      total 11776K, used 10321K [0x00000000d5580000, 0x00000000d6280000, 0x0000000100000000)
  eden space 9728K, 100% used [0x00000000d5580000,0x00000000d5f00000,0x00000000d5f00000)
  from space 2048K, 28% used [0x00000000d5f80000,0x00000000d60145c8,0x00000000d6180000)
  to   space 1024K, 0% used [0x00000000d6180000,0x00000000d6180000,0x00000000d6280000)
 ParOldGen       total 105472K, used 105346K [0x0000000080000000, 0x0000000086700000, 0x00000000d5580000)
  object space 105472K, 99% used [0x0000000080000000,0x00000000866e0ba0,0x0000000086700000)
 Metaspace       used 71656K, committed 73280K, reserved 1114112K
  class space    used 7610K, committed 8320K, reserved 1048576K
}
Event: 19.600 GC heap after
{Heap after GC invocations=111 (full 3):
 PSYoungGen      total 10240K, used 416K [0x00000000d5580000, 0x00000000d6200000, 0x0000000100000000)
  eden space 9728K, 0% used [0x00000000d5580000,0x00000000d5580000,0x00000000d5f00000)
  from space 512K, 81% used [0x00000000d6180000,0x00000000d61e8000,0x00000000d6200000)
  to   space 1024K, 0% used [0x00000000d6000000,0x00000000d6000000,0x00000000d6100000)
 ParOldGen       total 105984K, used 105641K [0x0000000080000000, 0x0000000086780000, 0x00000000d5580000)
  object space 105984K, 99% used [0x0000000080000000,0x000000008672a780,0x0000000086780000)
 Metaspace       used 71656K, committed 73280K, reserved 1114112K
  class space    used 7610K, committed 8320K, reserved 1048576K
}
Event: 31.551 GC heap before
{Heap before GC invocations=112 (full 3):
 PSYoungGen      total 10240K, used 10138K [0x00000000d5580000, 0x00000000d6200000, 0x0000000100000000)
  eden space 9728K, 99% used [0x00000000d5580000,0x00000000d5efe820,0x00000000d5f00000)
  from space 512K, 81% used [0x00000000d6180000,0x00000000d61e8000,0x00000000d6200000)
  to   space 1024K, 0% used [0x00000000d6000000,0x00000000d6000000,0x00000000d6100000)
 ParOldGen       total 105984K, used 105641K [0x0000000080000000, 0x0000000086780000, 0x00000000d5580000)
  object space 105984K, 99% used [0x0000000080000000,0x000000008672a780,0x0000000086780000)
 Metaspace       used 72657K, committed 74304K, reserved 1179648K
  class space    used 7745K, committed 8448K, reserved 1048576K
}
Event: 31.552 GC heap after
{Heap after GC invocations=112 (full 3):
 PSYoungGen      total 10752K, used 992K [0x00000000d5580000, 0x00000000d6200000, 0x0000000100000000)
  eden space 9728K, 0% used [0x00000000d5580000,0x00000000d5580000,0x00000000d5f00000)
  from space 1024K, 96% used [0x00000000d6000000,0x00000000d60f8020,0x00000000d6100000)
  to   space 1024K, 0% used [0x00000000d6100000,0x00000000d6100000,0x00000000d6200000)
 ParOldGen       total 105984K, used 105849K [0x0000000080000000, 0x0000000086780000, 0x00000000d5580000)
  object space 105984K, 99% used [0x0000000080000000,0x000000008675e7b0,0x0000000086780000)
 Metaspace       used 72657K, committed 74304K, reserved 1179648K
  class space    used 7745K, committed 8448K, reserved 1048576K
}

