# JRE version: OpenJDK Runtime Environment Temurin-21.0.10+7 (21.0.10+7) (build 21.0.10+7-LTS)
# Java VM: OpenJDK 64-Bit Server VM Temurin-21.0.10+7 (21.0.10+7-LTS, mixed mode, sharing, tiered, compressed oops, compressed class ptrs, parallel gc, windows-amd64)
GC Precious Log:
 CardTable entry size: 512
 CPUs: 16 total, 16 available
 Memory: 15723M
 Large Page Support: Disabled
 NUMA Support: Disabled
 Compressed Oops: Enabled (32-bit)
 Alignments: Space 512K, Generation 512K, Heap 2M
 Heap Min Capacity: 100M
 Heap Initial Capacity: 100M
 Heap Max Capacity: 2G
 Pre-touch: Disabled
 Parallel Workers: 13
Heap:
 PSYoungGen      total 19456K, used 1563K [0x00000000d5580000, 0x00000000d6d80000, 0x0000000100000000)
  eden space 17408K, 0% used [0x00000000d5580000,0x00000000d5580000,0x00000000d6680000)
  from space 2048K, 76% used [0x00000000d6b80000,0x00000000d6d06cd8,0x00000000d6d80000)
  to   space 3072K, 0% used [0x00000000d6780000,0x00000000d6780000,0x00000000d6a80000)
 ParOldGen       total 68608K, used 48658K [0x0000000080000000, 0x0000000084300000, 0x00000000d5580000)
  object space 68608K, 70% used [0x0000000080000000,0x0000000082f84a90,0x0000000084300000)
 Metaspace       used 58327K, committed 59776K, reserved 1114112K
  class space    used 6239K, committed 6848K, reserved 1048576K
GC Heap History (20 events):
Event: 6.418 GC heap before
{Heap before GC invocations=28 (full 2):
 PSYoungGen      total 20992K, used 20896K [0x00000000d5580000, 0x00000000d6c00000, 0x0000000100000000)
  eden space 18944K, 100% used [0x00000000d5580000,0x00000000d6800000,0x00000000d6800000)
  from space 2048K, 95% used [0x00000000d6880000,0x00000000d6a68000,0x00000000d6a80000)
  to   space 1536K, 0% used [0x00000000d6a80000,0x00000000d6a80000,0x00000000d6c00000)
 ParOldGen       total 68608K, used 35495K [0x0000000080000000, 0x0000000084300000, 0x00000000d5580000)
  object space 68608K, 51% used [0x0000000080000000,0x00000000822a9db0,0x0000000084300000)
 Metaspace       used 49468K, committed 50816K, reserved 1114112K
  class space    used 5337K, committed 5952K, reserved 1048576K
}
Event: 6.421 GC heap after
{Heap after GC invocations=28 (full 2):
 PSYoungGen      total 18944K, used 1508K [0x00000000d5580000, 0x00000000d7000000, 0x0000000100000000)
  eden space 17408K, 0% used [0x00000000d5580000,0x00000000d5580000,0x00000000d6680000)
  from space 1536K, 98% used [0x00000000d6a80000,0x00000000d6bf9000,0x00000000d6c00000)
  to   space 4096K, 0% used [0x00000000d6680000,0x00000000d6680000,0x00000000d6a80000)
 ParOldGen       total 68608K, used 37509K [0x0000000080000000, 0x0000000084300000, 0x00000000d5580000)
  object space 68608K, 54% used [0x0000000080000000,0x00000000824a1760,0x0000000084300000)
 Metaspace       used 49468K, committed 50816K, reserved 1114112K
  class space    used 5337K, committed 5952K, reserved 1048576K
}
Event: 6.460 GC heap before
{Heap before GC invocations=29 (full 2):
 PSYoungGen      total 18944K, used 18916K [0x00000000d5580000, 0x00000000d7000000, 0x0000000100000000)
  eden space 17408K, 100% used [0x00000000d5580000,0x00000000d6680000,0x00000000d6680000)
  from space 1536K, 98% used [0x00000000d6a80000,0x00000000d6bf9000,0x00000000d6c00000)
  to   space 4096K, 0% used [0x00000000d6680000,0x00000000d6680000,0x00000000d6a80000)
 ParOldGen       total 68608K, used 37509K [0x0000000080000000, 0x0000000084300000, 0x00000000d5580000)
  object space 68608K, 54% used [0x0000000080000000,0x00000000824a1760,0x0000000084300000)
 Metaspace       used 49483K, committed 50880K, reserved 1114112K
  class space    used 5337K, committed 5952K, reserved 1048576K
}
Event: 6.462 GC heap after
{Heap after GC invocations=29 (full 2):
 PSYoungGen      total 19456K, used 1888K [0x00000000d5580000, 0x00000000d6b80000, 0x0000000100000000)
  eden space 17408K, 0% used [0x00000000d5580000,0x00000000d5580000,0x00000000d6680000)
  from space 2048K, 92% used [0x00000000d6680000,0x00000000d6858010,0x00000000d6880000)
  to   space 2560K, 0% used [0x00000000d6900000,0x00000000d6900000,0x00000000d6b80000)
 ParOldGen       total 68608K, used 39051K [0x0000000080000000, 0x0000000084300000, 0x00000000d5580000)
  object space 68608K, 56% used [0x0000000080000000,0x0000000082622d88,0x0000000084300000)
 Metaspace       used 49483K, committed 50880K, reserved 1114112K
  class space    used 5337K, committed 5952K, reserved 1048576K
}
Event: 6.512 GC heap before
{Heap before GC invocations=30 (full 2):
 PSYoungGen      total 19456K, used 19296K [0x00000000d5580000, 0x00000000d6b80000, 0x0000000100000000)
  eden space 17408K, 100% used [0x00000000d5580000,0x00000000d6680000,0x00000000d6680000)
  from space 2048K, 92% used [0x00000000d6680000,0x00000000d6858010,0x00000000d6880000)
  to   space 2560K, 0% used [0x00000000d6900000,0x00000000d6900000,0x00000000d6b80000)
 ParOldGen       total 68608K, used 39051K [0x0000000080000000, 0x0000000084300000, 0x00000000d5580000)
  object space 68608K, 56% used [0x0000000080000000,0x0000000082622d88,0x0000000084300000)
 Metaspace       used 49518K, committed 50880K, reserved 1114112K
  class space    used 5339K, committed 5952K, reserved 1048576K
}
Event: 6.515 GC heap after
{Heap after GC invocations=30 (full 2):
 PSYoungGen      total 19456K, used 1656K [0x00000000d5580000, 0x00000000d6b00000, 0x0000000100000000)
  eden space 17408K, 0% used [0x00000000d5580000,0x00000000d5580000,0x00000000d6680000)
  from space 2048K, 80% used [0x00000000d6900000,0x00000000d6a9e200,0x00000000d6b00000)
  to   space 2048K, 0% used [0x00000000d6680000,0x00000000d6680000,0x00000000d6880000)
 ParOldGen       total 68608K, used 40755K [0x0000000080000000, 0x0000000084300000, 0x00000000d5580000)
  object space 68608K, 59% used [0x0000000080000000,0x00000000827ccd98,0x0000000084300000)
 Metaspace       used 49518K, committed 50880K, reserved 1114112K
  class space    used 5339K, committed 5952K, reserved 1048576K
}
Event: 6.588 GC heap before
{Heap before GC invocations=31 (full 2):
 PSYoungGen      total 19456K, used 19064K [0x00000000d5580000, 0x00000000d6b00000, 0x0000000100000000)
  eden space 17408K, 100% used [0x00000000d5580000,0x00000000d6680000,0x00000000d6680000)
  from space 2048K, 80% used [0x00000000d6900000,0x00000000d6a9e200,0x00000000d6b00000)
  to   space 2048K, 0% used [0x00000000d6680000,0x00000000d6680000,0x00000000d6880000)
 ParOldGen       total 68608K, used 40755K [0x0000000080000000, 0x0000000084300000, 0x00000000d5580000)
  object space 68608K, 59% used [0x0000000080000000,0x00000000827ccd98,0x0000000084300000)
 Metaspace       used 49714K, committed 51008K, reserved 1114112K
  class space    used 5371K, committed 5952K, reserved 1048576K
}
Event: 6.591 GC heap after
{Heap after GC invocations=31 (full 2):
 PSYoungGen      total 19456K, used 1440K [0x00000000d5580000, 0x00000000d6a80000, 0x0000000100000000)
  eden space 17408K, 0% used [0x00000000d5580000,0x00000000d5580000,0x00000000d6680000)
  from space 2048K, 70% used [0x00000000d6680000,0x00000000d67e8000,0x00000000d6880000)
  to   space 2048K, 0% used [0x00000000d6880000,0x00000000d6880000,0x00000000d6a80000)
 ParOldGen       total 68608K, used 42235K [0x0000000080000000, 0x0000000084300000, 0x00000000d5580000)
  object space 68608K, 61% used [0x0000000080000000,0x000000008293ef98,0x0000000084300000)
 Metaspace       used 49714K, committed 51008K, reserved 1114112K
  class space    used 5371K, committed 5952K, reserved 1048576K
}
Event: 6.968 GC heap before
{Heap before GC invocations=32 (full 2):
 PSYoungGen      total 19456K, used 18801K [0x00000000d5580000, 0x00000000d6a80000, 0x0000000100000000)
  eden space 17408K, 99% used [0x00000000d5580000,0x00000000d66744e0,0x00000000d6680000)
  from space 2048K, 70% used [0x00000000d6680000,0x00000000d67e8000,0x00000000d6880000)
  to   space 2048K, 0% used [0x00000000d6880000,0x00000000d6880000,0x00000000d6a80000)
 ParOldGen       total 68608K, used 42235K [0x0000000080000000, 0x0000000084300000, 0x00000000d5580000)
  object space 68608K, 61% used [0x0000000080000000,0x000000008293ef98,0x0000000084300000)
 Metaspace       used 51829K, committed 53248K, reserved 1114112K
  class space    used 5601K, committed 6208K, reserved 1048576K
}
Event: 6.969 GC heap after
{Heap after GC invocations=32 (full 2):
 PSYoungGen      total 18432K, used 879K [0x00000000d5580000, 0x00000000d6980000, 0x0000000100000000)
  eden space 17408K, 0% used [0x00000000d5580000,0x00000000d5580000,0x00000000d6680000)
  from space 1024K, 85% used [0x00000000d6880000,0x00000000d695bdf0,0x00000000d6980000)
  to   space 1536K, 0% used [0x00000000d6680000,0x00000000d6680000,0x00000000d6800000)
 ParOldGen       total 68608K, used 43443K [0x0000000080000000, 0x0000000084300000, 0x00000000d5580000)
  object space 68608K, 63% used [0x0000000080000000,0x0000000082a6cf98,0x0000000084300000)
 Metaspace       used 51829K, committed 53248K, reserved 1114112K
  class space    used 5601K, committed 6208K, reserved 1048576K
}
Event: 7.247 GC heap before
{Heap before GC invocations=33 (full 2):
 PSYoungGen      total 18432K, used 18287K [0x00000000d5580000, 0x00000000d6980000, 0x0000000100000000)
  eden space 17408K, 100% used [0x00000000d5580000,0x00000000d6680000,0x00000000d6680000)
  from space 1024K, 85% used [0x00000000d6880000,0x00000000d695bdf0,0x00000000d6980000)
  to   space 1536K, 0% used [0x00000000d6680000,0x00000000d6680000,0x00000000d6800000)
 ParOldGen       total 68608K, used 43443K [0x0000000080000000, 0x0000000084300000, 0x00000000d5580000)
  object space 68608K, 63% used [0x0000000080000000,0x0000000082a6cf98,0x0000000084300000)
 Metaspace       used 52637K, committed 54016K, reserved 1114112K
  class space    used 5693K, committed 6336K, reserved 1048576K
}
Event: 7.249 GC heap after
{Heap after GC invocations=33 (full 2):
 PSYoungGen      total 18944K, used 480K [0x00000000d5580000, 0x00000000d6900000, 0x0000000100000000)
  eden space 17408K, 0% used [0x00000000d5580000,0x00000000d5580000,0x00000000d6680000)
  from space 1536K, 31% used [0x00000000d6680000,0x00000000d66f8010,0x00000000d6800000)
  to   space 1024K, 0% used [0x00000000d6800000,0x00000000d6800000,0x00000000d6900000)
 ParOldGen       total 68608K, used 44114K [0x0000000080000000, 0x0000000084300000, 0x00000000d5580000)
  object space 68608K, 64% used [0x0000000080000000,0x0000000082b149a0,0x0000000084300000)
 Metaspace       used 52637K, committed 54016K, reserved 1114112K
  class space    used 5693K, committed 6336K, reserved 1048576K
}
Event: 7.421 GC heap before
{Heap before GC invocations=34 (full 2):
 PSYoungGen      total 18944K, used 17888K [0x00000000d5580000, 0x00000000d6900000, 0x0000000100000000)
  eden space 17408K, 100% used [0x00000000d5580000,0x00000000d6680000,0x00000000d6680000)
  from space 1536K, 31% used [0x00000000d6680000,0x00000000d66f8010,0x00000000d6800000)
  to   space 1024K, 0% used [0x00000000d6800000,0x00000000d6800000,0x00000000d6900000)
 ParOldGen       total 68608K, used 44114K [0x0000000080000000, 0x0000000084300000, 0x00000000d5580000)
  object space 68608K, 64% used [0x0000000080000000,0x0000000082b149a0,0x0000000084300000)
 Metaspace       used 53602K, committed 54976K, reserved 1114112K
  class space    used 5776K, committed 6400K, reserved 1048576K
}
Event: 7.423 GC heap after
{Heap after GC invocations=34 (full 2):
 PSYoungGen      total 18432K, used 1016K [0x00000000d5580000, 0x00000000d6980000, 0x0000000100000000)
  eden space 17408K, 0% used [0x00000000d5580000,0x00000000d5580000,0x00000000d6680000)
  from space 1024K, 99% used [0x00000000d6800000,0x00000000d68fe220,0x00000000d6900000)
  to   space 1536K, 0% used [0x00000000d6680000,0x00000000d6680000,0x00000000d6800000)
 ParOldGen       total 68608K, used 44743K [0x0000000080000000, 0x0000000084300000, 0x00000000d5580000)
  object space 68608K, 65% used [0x0000000080000000,0x0000000082bb1ff0,0x0000000084300000)
 Metaspace       used 53602K, committed 54976K, reserved 1114112K
  class space    used 5776K, committed 6400K, reserved 1048576K
}
Event: 7.473 GC heap before
{Heap before GC invocations=35 (full 2):
 PSYoungGen      total 18432K, used 18424K [0x00000000d5580000, 0x00000000d6980000, 0x0000000100000000)
  eden space 17408K, 100% used [0x00000000d5580000,0x00000000d6680000,0x00000000d6680000)
  from space 1024K, 99% used [0x00000000d6800000,0x00000000d68fe220,0x00000000d6900000)
  to   space 1536K, 0% used [0x00000000d6680000,0x00000000d6680000,0x00000000d6800000)
 ParOldGen       total 68608K, used 44743K [0x0000000080000000, 0x0000000084300000, 0x00000000d5580000)
  object space 68608K, 65% used [0x0000000080000000,0x0000000082bb1ff0,0x0000000084300000)
 Metaspace       used 53614K, committed 54976K, reserved 1114112K
  class space    used 5776K, committed 6400K, reserved 1048576K
}
Event: 7.474 GC heap after
{Heap after GC invocations=35 (full 2):
 PSYoungGen      total 18944K, used 1515K [0x00000000d5580000, 0x00000000d6b80000, 0x0000000100000000)
  eden space 17408K, 0% used [0x00000000d5580000,0x00000000d5580000,0x00000000d6680000)
  from space 1536K, 98% used [0x00000000d6680000,0x00000000d67facb8,0x00000000d6800000)
  to   space 2560K, 0% used [0x00000000d6900000,0x00000000d6900000,0x00000000d6b80000)
 ParOldGen       total 68608K, used 45349K [0x0000000080000000, 0x0000000084300000, 0x00000000d5580000)
  object space 68608K, 66% used [0x0000000080000000,0x0000000082c49640,0x0000000084300000)
 Metaspace       used 53614K, committed 54976K, reserved 1114112K
  class space    used 5776K, committed 6400K, reserved 1048576K
}
Event: 7.658 GC heap before
{Heap before GC invocations=36 (full 2):
 PSYoungGen      total 18944K, used 18923K [0x00000000d5580000, 0x00000000d6b80000, 0x0000000100000000)
  eden space 17408K, 100% used [0x00000000d5580000,0x00000000d6680000,0x00000000d6680000)
  from space 1536K, 98% used [0x00000000d6680000,0x00000000d67facb8,0x00000000d6800000)
  to   space 2560K, 0% used [0x00000000d6900000,0x00000000d6900000,0x00000000d6b80000)
 ParOldGen       total 68608K, used 45349K [0x0000000080000000, 0x0000000084300000, 0x00000000d5580000)
  object space 68608K, 66% used [0x0000000080000000,0x0000000082c49640,0x0000000084300000)
 Metaspace       used 54869K, committed 56256K, reserved 1114112K
  class space    used 5895K, committed 6528K, reserved 1048576K
}
Event: 7.659 GC heap after
{Heap after GC invocations=36 (full 2):
 PSYoungGen      total 17920K, used 416K [0x00000000d5580000, 0x00000000d6980000, 0x0000000100000000)
  eden space 17408K, 0% used [0x00000000d5580000,0x00000000d5580000,0x00000000d6680000)
  from space 512K, 81% used [0x00000000d6900000,0x00000000d6968000,0x00000000d6980000)
  to   space 1536K, 0% used [0x00000000d6680000,0x00000000d6680000,0x00000000d6800000)
 ParOldGen       total 68608K, used 45365K [0x0000000080000000, 0x0000000084300000, 0x00000000d5580000)
  object space 68608K, 66% used [0x0000000080000000,0x0000000082c4d640,0x0000000084300000)
 Metaspace       used 54869K, committed 56256K, reserved 1114112K
  class space    used 5895K, committed 6528K, reserved 1048576K
}
Event: 7.887 GC heap before
{Heap before GC invocations=37 (full 2):
 PSYoungGen      total 17920K, used 17824K [0x00000000d5580000, 0x00000000d6980000, 0x0000000100000000)
  eden space 17408K, 100% used [0x00000000d5580000,0x00000000d6680000,0x00000000d6680000)
  from space 512K, 81% used [0x00000000d6900000,0x00000000d6968000,0x00000000d6980000)
  to   space 1536K, 0% used [0x00000000d6680000,0x00000000d6680000,0x00000000d6800000)
 ParOldGen       total 68608K, used 45365K [0x0000000080000000, 0x0000000084300000, 0x00000000d5580000)
  object space 68608K, 66% used [0x0000000080000000,0x0000000082c4d640,0x0000000084300000)
 Metaspace       used 56717K, committed 58112K, reserved 1114112K
  class space    used 6086K, committed 6720K, reserved 1048576K
}
Event: 7.890 GC heap after
{Heap after GC invocations=37 (full 2):
 PSYoungGen      total 18944K, used 1535K [0x00000000d5580000, 0x00000000d7080000, 0x0000000100000000)
  eden space 17408K, 0% used [0x00000000d5580000,0x00000000d5580000,0x00000000d6680000)
  from space 1536K, 99% used [0x00000000d6680000,0x00000000d67ffdc0,0x00000000d6800000)
  to   space 5120K, 0% used [0x00000000d6b80000,0x00000000d6b80000,0x00000000d7080000)
 ParOldGen       total 68608K, used 48245K [0x0000000080000000, 0x0000000084300000, 0x00000000d5580000)
  object space 68608K, 70% used [0x0000000080000000,0x0000000082f1d640,0x0000000084300000)
 Metaspace       used 56717K, committed 58112K, reserved 1114112K
  class space    used 6086K, committed 6720K, reserved 1048576K
}

